This is pdfTeX, Version 3.14159265-2.6-1.40.19 (TeX Live 2018) (preloaded format=pdflatex 2018.12.13)  21 AUG 2020 16:26
entering extended mode
 restricted \write18 enabled.
 file:line:error style messages enabled.
 %&-line parsing enabled.
**dissertation.tex
(./dissertation.tex
LaTeX2e <2018-04-01> patch level 2
Babel <3.18> and hyphenation patterns for 84 language(s) loaded.
(./dissertation.cls
Document Class: dissertation 2012/05/04, Daniel Page <Daniel.Page@bristol.ac.uk
>
(/usr/local/texlive/2018/texmf-dist/tex/latex/pgf/utilities/pgfkeys.sty
(/usr/local/texlive/2018/texmf-dist/tex/generic/pgf/utilities/pgfkeys.code.tex
\pgfkeys@pathtoks=\toks14
\pgfkeys@temptoks=\toks15

(/usr/local/texlive/2018/texmf-dist/tex/generic/pgf/utilities/pgfkeysfiltered.c
ode.tex
\pgfkeys@tmptoks=\toks16
))) (/usr/local/texlive/2018/texmf-dist/tex/latex/pgfopts/pgfopts.sty
Package: pgfopts 2014/07/10 v2.1a LaTeX package options with pgfkeys
\pgfopts@list@add@a@toks=\toks17
\pgfopts@list@add@b@toks=\toks18
)
(/usr/local/texlive/2018/texmf-dist/tex/latex/base/book.cls
Document Class: book 2014/09/29 v1.4h Standard LaTeX document class
(/usr/local/texlive/2018/texmf-dist/tex/latex/base/bk10.clo
File: bk10.clo 2014/09/29 v1.4h Standard LaTeX file (size option)
)
\c@part=\count80
\c@chapter=\count81
\c@section=\count82
\c@subsection=\count83
\c@subsubsection=\count84
\c@paragraph=\count85
\c@subparagraph=\count86
\c@figure=\count87
\c@table=\count88
\abovecaptionskip=\skip41
\belowcaptionskip=\skip42
\bibindent=\dimen102
)
(/usr/local/texlive/2018/texmf-dist/tex/latex/graphics/graphicx.sty
Package: graphicx 2017/06/01 v1.1a Enhanced LaTeX Graphics (DPC,SPQR)

(/usr/local/texlive/2018/texmf-dist/tex/latex/graphics/keyval.sty
Package: keyval 2014/10/28 v1.15 key=value parser (DPC)
\KV@toks@=\toks19
)
(/usr/local/texlive/2018/texmf-dist/tex/latex/graphics/graphics.sty
Package: graphics 2017/06/25 v1.2c Standard LaTeX Graphics (DPC,SPQR)

(/usr/local/texlive/2018/texmf-dist/tex/latex/graphics/trig.sty
Package: trig 2016/01/03 v1.10 sin cos tan (DPC)
)
(/usr/local/texlive/2018/texmf-dist/tex/latex/graphics-cfg/graphics.cfg
File: graphics.cfg 2016/06/04 v1.11 sample graphics configuration
)
Package graphics Info: Driver file: pdftex.def on input line 99.

(/usr/local/texlive/2018/texmf-dist/tex/latex/graphics-def/pdftex.def
File: pdftex.def 2018/01/08 v1.0l Graphics/color driver for pdftex
))
\Gin@req@height=\dimen103
\Gin@req@width=\dimen104
)
(/usr/local/texlive/2018/texmf-dist/tex/latex/amsmath/amsmath.sty
Package: amsmath 2017/09/02 v2.17a AMS math features
\@mathmargin=\skip43

For additional information on amsmath, use the `?' option.
(/usr/local/texlive/2018/texmf-dist/tex/latex/amsmath/amstext.sty
Package: amstext 2000/06/29 v2.01 AMS text

(/usr/local/texlive/2018/texmf-dist/tex/latex/amsmath/amsgen.sty
File: amsgen.sty 1999/11/30 v2.0 generic functions
\@emptytoks=\toks20
\ex@=\dimen105
))
(/usr/local/texlive/2018/texmf-dist/tex/latex/amsmath/amsbsy.sty
Package: amsbsy 1999/11/29 v1.2d Bold Symbols
\pmbraise@=\dimen106
)
(/usr/local/texlive/2018/texmf-dist/tex/latex/amsmath/amsopn.sty
Package: amsopn 2016/03/08 v2.02 operator names
)
\inf@bad=\count89
LaTeX Info: Redefining \frac on input line 213.
\uproot@=\count90
\leftroot@=\count91
LaTeX Info: Redefining \overline on input line 375.
\classnum@=\count92
\DOTSCASE@=\count93
LaTeX Info: Redefining \ldots on input line 472.
LaTeX Info: Redefining \dots on input line 475.
LaTeX Info: Redefining \cdots on input line 596.
\Mathstrutbox@=\box26
\strutbox@=\box27
\big@size=\dimen107
LaTeX Font Info:    Redeclaring font encoding OML on input line 712.
LaTeX Font Info:    Redeclaring font encoding OMS on input line 713.
\macc@depth=\count94
\c@MaxMatrixCols=\count95
\dotsspace@=\muskip10
\c@parentequation=\count96
\dspbrk@lvl=\count97
\tag@help=\toks21
\row@=\count98
\column@=\count99
\maxfields@=\count100
\andhelp@=\toks22
\eqnshift@=\dimen108
\alignsep@=\dimen109
\tagshift@=\dimen110
\tagwidth@=\dimen111
\totwidth@=\dimen112
\lineht@=\dimen113
\@envbody=\toks23
\multlinegap=\skip44
\multlinetaggap=\skip45
\mathdisplay@stack=\toks24
LaTeX Info: Redefining \[ on input line 2817.
LaTeX Info: Redefining \] on input line 2818.
)
(/usr/local/texlive/2018/texmf-dist/tex/latex/amsfonts/amssymb.sty
Package: amssymb 2013/01/14 v3.01 AMS font symbols

(/usr/local/texlive/2018/texmf-dist/tex/latex/amsfonts/amsfonts.sty
Package: amsfonts 2013/01/14 v3.01 Basic AMSFonts support
\symAMSa=\mathgroup4
\symAMSb=\mathgroup5
LaTeX Font Info:    Overwriting math alphabet `\mathfrak' in version `bold'
(Font)                  U/euf/m/n --> U/euf/b/n on input line 106.
))
(/usr/local/texlive/2018/texmf-dist/tex/latex/adjustbox/adjustbox.sty
Package: adjustbox 2018/04/08 v1.1 Adjusting TeX boxes (trim, clip, ...)

(/usr/local/texlive/2018/texmf-dist/tex/latex/xkeyval/xkeyval.sty
Package: xkeyval 2014/12/03 v2.7a package option processing (HA)

(/usr/local/texlive/2018/texmf-dist/tex/generic/xkeyval/xkeyval.tex
(/usr/local/texlive/2018/texmf-dist/tex/generic/xkeyval/xkvutils.tex
\XKV@toks=\toks25
\XKV@tempa@toks=\toks26
)
\XKV@depth=\count101
File: xkeyval.tex 2014/12/03 v2.7a key=value parser (HA)
))
(/usr/local/texlive/2018/texmf-dist/tex/latex/adjustbox/adjcalc.sty
Package: adjcalc 2012/05/16 v1.1 Provides advanced setlength with multiple back
-ends (calc, etex, pgfmath)
)
(/usr/local/texlive/2018/texmf-dist/tex/latex/adjustbox/trimclip.sty
Package: trimclip 2018/04/08 v1.1 Trim and clip general TeX material

(/usr/local/texlive/2018/texmf-dist/tex/latex/collectbox/collectbox.sty
Package: collectbox 2012/05/17 v0.4b Collect macro arguments as boxes
\collectedbox=\box28
)
\tc@llx=\dimen114
\tc@lly=\dimen115
\tc@urx=\dimen116
\tc@ury=\dimen117
Package trimclip Info: Using driver 'tc-pdftex.def'.

(/usr/local/texlive/2018/texmf-dist/tex/latex/adjustbox/tc-pdftex.def
File: tc-pdftex.def 2018/04/08 v2.1 Clipping driver for pdftex
))
\adjbox@Width=\dimen118
\adjbox@Height=\dimen119
\adjbox@Depth=\dimen120
\adjbox@Totalheight=\dimen121
\adjbox@pwidth=\dimen122
\adjbox@pheight=\dimen123
\adjbox@pdepth=\dimen124
\adjbox@ptotalheight=\dimen125

(/usr/local/texlive/2018/texmf-dist/tex/latex/ifoddpage/ifoddpage.sty
Package: ifoddpage 2016/04/23 v1.1 Conditionals for odd/even page detection
\c@checkoddpage=\count102
)
(/usr/local/texlive/2018/texmf-dist/tex/latex/varwidth/varwidth.sty
Package: varwidth 2009/03/30 ver 0.92;  Variable-width minipages
\@vwid@box=\box29
\sift@deathcycles=\count103
\@vwid@loff=\dimen126
\@vwid@roff=\dimen127
))
(/usr/local/texlive/2018/texmf-dist/tex/latex/etoolbox/etoolbox.sty
Package: etoolbox 2018/02/11 v2.5e e-TeX tools for LaTeX (JAW)
\etb@tempcnta=\count104
)
(/usr/local/texlive/2018/texmf-dist/tex/latex/fancyhdr/fancyhdr.sty
Package: fancyhdr 2017/06/30 v3.9a Extensive control of page headers and footer
s
\f@nch@headwidth=\skip46
\f@nch@O@elh=\skip47
\f@nch@O@erh=\skip48
\f@nch@O@olh=\skip49
\f@nch@O@orh=\skip50
\f@nch@O@elf=\skip51
\f@nch@O@erf=\skip52
\f@nch@O@olf=\skip53
\f@nch@O@orf=\skip54
)
(/usr/local/texlive/2018/texmf-dist/tex/latex/geometry/geometry.sty
Package: geometry 2018/03/24 v5.7 Page Geometry

(/usr/local/texlive/2018/texmf-dist/tex/generic/oberdiek/ifpdf.sty
Package: ifpdf 2017/03/15 v3.2 Provides the ifpdf switch
)
(/usr/local/texlive/2018/texmf-dist/tex/generic/oberdiek/ifvtex.sty
Package: ifvtex 2016/05/16 v1.6 Detect VTeX and its facilities (HO)
Package ifvtex Info: VTeX not detected.
)
(/usr/local/texlive/2018/texmf-dist/tex/generic/ifxetex/ifxetex.sty
Package: ifxetex 2010/09/12 v0.6 Provides ifxetex conditional
)
\Gm@cnth=\count105
\Gm@cntv=\count106
\c@Gm@tempcnt=\count107
\Gm@bindingoffset=\dimen128
\Gm@wd@mp=\dimen129
\Gm@odd@mp=\dimen130
\Gm@even@mp=\dimen131
\Gm@layoutwidth=\dimen132
\Gm@layoutheight=\dimen133
\Gm@layouthoffset=\dimen134
\Gm@layoutvoffset=\dimen135
\Gm@dimlist=\toks27
)
(/usr/local/texlive/2018/texmf-dist/tex/latex/datetime/datetime.sty
Package: datetime 2015/03/20 v2.60 Date Time Package

(/usr/local/texlive/2018/texmf-dist/tex/latex/fmtcount/fmtcount.sty
Package: fmtcount 2017/12/24 v3.05

(/usr/local/texlive/2018/texmf-dist/tex/latex/base/ifthen.sty
Package: ifthen 2014/09/29 v1.1c Standard LaTeX ifthen package (DPC)
)
(/usr/local/texlive/2018/texmf-dist/tex/latex/fmtcount/fcprefix.sty
Package: fcprefix 2012/09/28

(/usr/local/texlive/2018/texmf-dist/tex/latex/fmtcount/fcnumparser.sty
Package: fcnumparser 2017/06/15
\fc@digit@counter=\count108
))
\c@padzeroesN=\count109
\fc@tmpcatcode=\count110
\@DT@modctr=\count111
\@ordinalctr=\count112
\@orgargctr=\count113
\@strctr=\count114
\@tmpstrctr=\count115
\@DT@loopN=\count116
\@DT@X=\count117
)
(/usr/local/texlive/2018/texmf-dist/tex/latex/datetime/datetime-defaults.sty
Package: datetime-defaults 2013/09/10
)
\@day=\count118
\@month=\count119
\@year=\count120
\c@HOUR=\count121
\c@HOURXII=\count122
\c@MINUTE=\count123
\c@TOHOUR=\count124
\c@TOMINUTE=\count125
\c@SECOND=\count126
\currenthour=\count127
\currentminute=\count128
\currentsecond=\count129
Package datetime Info: No datetime.cfg file found, using default settings on in
put line 308.
\@dtctr=\count130
\dayofyear=\count131
\dayofweek=\count132
LaTeX Info: Redefining \today on input line 736.
\dt@a=\toks28
\dt@b=\toks29
)
(/usr/local/texlive/2018/texmf-dist/tex/latex/algorithm2e/algorithm2e.sty
Package: algorithm2e 2017/07/18 v5.2 algorithms environments
\c@AlgoLine=\count133
\algocf@hangindent=\skip55

(/usr/local/texlive/2018/texmf-dist/tex/latex/tools/xspace.sty
Package: xspace 2014/10/28 v1.13 Space after command names (DPC,MH)
)
(/usr/local/texlive/2018/texmf-dist/tex/latex/relsize/relsize.sty
Package: relsize 2013/03/29 ver 4.1
)
\skiptotal=\skip56
\skiplinenumber=\skip57
\skiprule=\skip58
\skiphlne=\skip59
\skiptext=\skip60
\skiplength=\skip61
\algomargin=\skip62
\skipalgocfslide=\skip63
\algowidth=\dimen136
\inoutsize=\dimen137
\inoutindent=\dimen138
\interspacetitleruled=\dimen139
\interspacealgoruled=\dimen140
\interspacetitleboxruled=\dimen141
\algocf@ruledwidth=\skip64
\algocf@inoutbox=\box30
\algocf@inputbox=\box31
\AlCapSkip=\skip65
\AlCapHSkip=\skip66
\algoskipindent=\skip67
\algocf@nlbox=\box32
\algocf@hangingbox=\box33
\algocf@untilbox=\box34
\algocf@skipuntil=\skip68
\algocf@capbox=\box35
\algocf@lcaptionbox=\skip69
\algoheightruledefault=\skip70
\algoheightrule=\skip71
\algotitleheightruledefault=\skip72
\algotitleheightrule=\skip73
\c@algocfline=\count134
\c@algocfproc=\count135
\c@algocf=\count136
\algocf@algoframe=\box36
\algocf@algobox=\box37
)
(/usr/local/texlive/2018/texmf-dist/tex/latex/listings/listings.sty
\lst@mode=\count137
\lst@gtempboxa=\box38
\lst@token=\toks30
\lst@length=\count138
\lst@currlwidth=\dimen142
\lst@column=\count139
\lst@pos=\count140
\lst@lostspace=\dimen143
\lst@width=\dimen144
\lst@newlines=\count141
\lst@lineno=\count142
\lst@maxwidth=\dimen145

(/usr/local/texlive/2018/texmf-dist/tex/latex/listings/lstmisc.sty
File: lstmisc.sty 2015/06/04 1.6 (Carsten Heinz)
\c@lstnumber=\count143
\lst@skipnumbers=\count144
\lst@framebox=\box39
)
(/usr/local/texlive/2018/texmf-dist/tex/latex/listings/listings.cfg
File: listings.cfg 2015/06/04 1.6 listings configuration
))
Package: listings 2015/06/04 1.6 (Carsten Heinz)

(/usr/local/texlive/2018/texmf-dist/tex/generic/xstring/xstring.sty
(/usr/local/texlive/2018/texmf-dist/tex/generic/xstring/xstring.tex
\@xs@message=\write3
\integerpart=\count145
\decimalpart=\count146
)
Package: xstring 2013/10/13  v1.7c  String manipulations (C Tellechea)
)
(/usr/local/texlive/2018/texmf-dist/tex/latex/url/url.sty
\Urlmuskip=\muskip11
Package: url 2013/09/16  ver 3.4  Verb mode for urls, etc.
)
(/usr/local/texlive/2018/texmf-dist/tex/latex/hyperref/hyperref.sty
Package: hyperref 2018/02/06 v6.86b Hypertext links for LaTeX

(/usr/local/texlive/2018/texmf-dist/tex/generic/oberdiek/hobsub-hyperref.sty
Package: hobsub-hyperref 2016/05/16 v1.14 Bundle oberdiek, subset hyperref (HO)


(/usr/local/texlive/2018/texmf-dist/tex/generic/oberdiek/hobsub-generic.sty
Package: hobsub-generic 2016/05/16 v1.14 Bundle oberdiek, subset generic (HO)
Package: hobsub 2016/05/16 v1.14 Construct package bundles (HO)
Package: infwarerr 2016/05/16 v1.4 Providing info/warning/error messages (HO)
Package: ltxcmds 2016/05/16 v1.23 LaTeX kernel commands for general use (HO)
Package: ifluatex 2016/05/16 v1.4 Provides the ifluatex switch (HO)
Package ifluatex Info: LuaTeX not detected.
Package hobsub Info: Skipping package `ifvtex' (already loaded).
Package: intcalc 2016/05/16 v1.2 Expandable calculations with integers (HO)
Package hobsub Info: Skipping package `ifpdf' (already loaded).
Package: etexcmds 2016/05/16 v1.6 Avoid name clashes with e-TeX commands (HO)
Package etexcmds Info: Could not find \expanded.
(etexcmds)             That can mean that you are not using pdfTeX 1.50 or
(etexcmds)             that some package has redefined \expanded.
(etexcmds)             In the latter case, load this package earlier.
Package: kvsetkeys 2016/05/16 v1.17 Key value parser (HO)
Package: kvdefinekeys 2016/05/16 v1.4 Define keys (HO)
Package: pdftexcmds 2018/01/30 v0.27 Utility functions of pdfTeX for LuaTeX (HO
)
Package pdftexcmds Info: LuaTeX not detected.
Package pdftexcmds Info: \pdf@primitive is available.
Package pdftexcmds Info: \pdf@ifprimitive is available.
Package pdftexcmds Info: \pdfdraftmode found.
Package: pdfescape 2016/05/16 v1.14 Implements pdfTeX's escape features (HO)
Package: bigintcalc 2016/05/16 v1.4 Expandable calculations on big integers (HO
)
Package: bitset 2016/05/16 v1.2 Handle bit-vector datatype (HO)
Package: uniquecounter 2016/05/16 v1.3 Provide unlimited unique counter (HO)
)
Package hobsub Info: Skipping package `hobsub' (already loaded).
Package: letltxmacro 2016/05/16 v1.5 Let assignment for LaTeX macros (HO)
Package: hopatch 2016/05/16 v1.3 Wrapper for package hooks (HO)
Package: xcolor-patch 2016/05/16 xcolor patch
Package: atveryend 2016/05/16 v1.9 Hooks at the very end of document (HO)
Package: atbegshi 2016/06/09 v1.18 At begin shipout hook (HO)
Package: refcount 2016/05/16 v3.5 Data extraction from label references (HO)
Package: hycolor 2016/05/16 v1.8 Color options for hyperref/bookmark (HO)
)
(/usr/local/texlive/2018/texmf-dist/tex/latex/oberdiek/auxhook.sty
Package: auxhook 2016/05/16 v1.4 Hooks for auxiliary files (HO)
)
(/usr/local/texlive/2018/texmf-dist/tex/latex/oberdiek/kvoptions.sty
Package: kvoptions 2016/05/16 v3.12 Key value format for package options (HO)
)
\@linkdim=\dimen146
\Hy@linkcounter=\count147
\Hy@pagecounter=\count148

(/usr/local/texlive/2018/texmf-dist/tex/latex/hyperref/pd1enc.def
File: pd1enc.def 2018/02/06 v6.86b Hyperref: PDFDocEncoding definition (HO)
Now handling font encoding PD1 ...
... no UTF-8 mapping file for font encoding PD1
)
\Hy@SavedSpaceFactor=\count149

(/usr/local/texlive/2018/texmf-dist/tex/latex/latexconfig/hyperref.cfg
File: hyperref.cfg 2002/06/06 v1.2 hyperref configuration of TeXLive
)
Package hyperref Info: Hyper figures OFF on input line 4509.
Package hyperref Info: Link nesting OFF on input line 4514.
Package hyperref Info: Hyper index ON on input line 4517.
Package hyperref Info: Plain pages OFF on input line 4524.
Package hyperref Info: Backreferencing OFF on input line 4529.
Package hyperref Info: Implicit mode ON; LaTeX internals redefined.
Package hyperref Info: Bookmarks ON on input line 4762.
\c@Hy@tempcnt=\count150
LaTeX Info: Redefining \url on input line 5115.
\XeTeXLinkMargin=\dimen147
\Fld@menulength=\count151
\Field@Width=\dimen148
\Fld@charsize=\dimen149
Package hyperref Info: Hyper figures OFF on input line 6369.
Package hyperref Info: Link nesting OFF on input line 6374.
Package hyperref Info: Hyper index ON on input line 6377.
Package hyperref Info: backreferencing OFF on input line 6384.
Package hyperref Info: Link coloring OFF on input line 6389.
Package hyperref Info: Link coloring with OCG OFF on input line 6394.
Package hyperref Info: PDF/A mode OFF on input line 6399.
LaTeX Info: Redefining \ref on input line 6439.
LaTeX Info: Redefining \pageref on input line 6443.
\Hy@abspage=\count152
\c@Item=\count153
\c@Hfootnote=\count154
)
Package hyperref Info: Driver (autodetected): hpdftex.

(/usr/local/texlive/2018/texmf-dist/tex/latex/hyperref/hpdftex.def
File: hpdftex.def 2018/02/06 v6.86b Hyperref driver for pdfTeX
\Fld@listcount=\count155
\c@bookmark@seq@number=\count156

(/usr/local/texlive/2018/texmf-dist/tex/latex/oberdiek/rerunfilecheck.sty
Package: rerunfilecheck 2016/05/16 v1.8 Rerun checks for auxiliary files (HO)
Package uniquecounter Info: New unique counter `rerunfilecheck' on input line 2
82.
)
\Hy@SectionHShift=\skip74
)
(/usr/local/texlive/2018/texmf-dist/tex/latex/lipsum/lipsum.sty
Package: lipsum 2014/07/27 v1.3 150 paragraphs of Lorem Ipsum dummy text
\c@lips@count=\count157
)
(./dtklogos.sty
Package: dtklogos 2014/11/15 v2.2 LaTeX wrapper for `hologo' (RN,HV)

(/usr/local/texlive/2018/texmf-dist/tex/generic/oberdiek/hologo.sty
Package: hologo 2017/05/01 v1.13 A logo collection with bookmark support (HO)
))
Package hyperref Info: Option `colorlinks' set `true' on input line 79.


Package hyperref Warning: Option `bookmarks' has already been used,
(hyperref)                setting the option has no effect on input line 79.

) (/usr/local/texlive/2018/texmf-dist/tex/latex/float/float.sty
Package: float 2001/11/08 v1.3d Float enhancements (AL)
\c@float@type=\count158
\float@exts=\toks31
\float@box=\box40
\@float@everytoks=\toks32
\@floatcapt=\box41
)
(/usr/local/texlive/2018/texmf-dist/tex/latex/subfig/subfig.sty
Package: subfig 2005/06/28 ver: 1.3 subfig package

(/usr/local/texlive/2018/texmf-dist/tex/latex/caption/caption.sty
Package: caption 2016/02/21 v3.3-144 Customizing captions (AR)

(/usr/local/texlive/2018/texmf-dist/tex/latex/caption/caption3.sty
Package: caption3 2016/05/22 v1.7-166 caption3 kernel (AR)
Package caption3 Info: TeX engine: e-TeX on input line 67.
\captionmargin=\dimen150
\captionmargin@=\dimen151
\captionwidth=\dimen152
\caption@tempdima=\dimen153
\caption@indent=\dimen154
\caption@parindent=\dimen155
\caption@hangindent=\dimen156
)
\c@ContinuedFloat=\count159
Package caption Info: float package is loaded.
Package caption Info: hyperref package is loaded.
Package caption Info: listings package is loaded.
)
\c@KVtest=\count160
\sf@farskip=\skip75
\sf@captopadj=\dimen157
\sf@capskip=\skip76
\sf@nearskip=\skip77
\c@subfigure=\count161
\c@subfigure@save=\count162
\c@lofdepth=\count163
\c@subtable=\count164
\c@subtable@save=\count165
\c@lotdepth=\count166
\sf@top=\skip78
\sf@bottom=\skip79
)
(/usr/local/texlive/2018/texmf-dist/tex/latex/wrapfig/wrapfig.sty
\wrapoverhang=\dimen158
\WF@size=\dimen159
\c@WF@wrappedlines=\count167
\WF@box=\box42
\WF@everypar=\toks33
Package: wrapfig 2003/01/31  v 3.6
)
(/usr/local/texlive/2018/texmf-dist/tex/latex/csquotes/csquotes.sty
Package: csquotes 2018/02/11 v5.2c context-sensitive quotations (JAW)
\csq@reset=\count168
\csq@gtype=\count169
\csq@glevel=\count170
\csq@qlevel=\count171
\csq@maxlvl=\count172
\csq@tshold=\count173
\csq@ltx@everypar=\toks34

(/usr/local/texlive/2018/texmf-dist/tex/latex/csquotes/csquotes.def
File: csquotes.def 2018/02/11 v5.2c csquotes generic definitions (JAW)
)
Package csquotes Info: Trying to load configuration file 'csquotes.cfg'...
Package csquotes Info: ... configuration file loaded successfully.

(/usr/local/texlive/2018/texmf-dist/tex/latex/csquotes/csquotes.cfg
File: csquotes.cfg 
))
(/usr/local/texlive/2018/texmf-dist/tex/latex/base/textcomp.sty
Package: textcomp 2017/04/05 v2.0i Standard LaTeX package
Package textcomp Info: Sub-encoding information:
(textcomp)               5 = only ISO-Adobe without \textcurrency
(textcomp)               4 = 5 + \texteuro
(textcomp)               3 = 4 + \textohm
(textcomp)               2 = 3 + \textestimated + \textcurrency
(textcomp)               1 = TS1 - \textcircled - \t
(textcomp)               0 = TS1 (full)
(textcomp)             Font families with sub-encoding setting implement
(textcomp)             only a restricted character set as indicated.
(textcomp)             Family '?' is the default used for unknown fonts.
(textcomp)             See the documentation for details.
Package textcomp Info: Setting ? sub-encoding to TS1/1 on input line 79.

(/usr/local/texlive/2018/texmf-dist/tex/latex/base/ts1enc.def
File: ts1enc.def 2001/06/05 v3.0e (jk/car/fm) Standard LaTeX file
Now handling font encoding TS1 ...
... processing UTF-8 mapping file for font encoding TS1

(/usr/local/texlive/2018/texmf-dist/tex/latex/base/ts1enc.dfu
File: ts1enc.dfu 2018/04/05 v1.2c UTF-8 support for inputenc
   defining Unicode char U+00A2 (decimal 162)
   defining Unicode char U+00A3 (decimal 163)
   defining Unicode char U+00A4 (decimal 164)
   defining Unicode char U+00A5 (decimal 165)
   defining Unicode char U+00A6 (decimal 166)
   defining Unicode char U+00A7 (decimal 167)
   defining Unicode char U+00A8 (decimal 168)
   defining Unicode char U+00A9 (decimal 169)
   defining Unicode char U+00AA (decimal 170)
   defining Unicode char U+00AC (decimal 172)
   defining Unicode char U+00AE (decimal 174)
   defining Unicode char U+00AF (decimal 175)
   defining Unicode char U+00B0 (decimal 176)
   defining Unicode char U+00B1 (decimal 177)
   defining Unicode char U+00B2 (decimal 178)
   defining Unicode char U+00B3 (decimal 179)
   defining Unicode char U+00B4 (decimal 180)
   defining Unicode char U+00B5 (decimal 181)
   defining Unicode char U+00B6 (decimal 182)
   defining Unicode char U+00B7 (decimal 183)
   defining Unicode char U+00B9 (decimal 185)
   defining Unicode char U+00BA (decimal 186)
   defining Unicode char U+00BC (decimal 188)
   defining Unicode char U+00BD (decimal 189)
   defining Unicode char U+00BE (decimal 190)
   defining Unicode char U+00D7 (decimal 215)
   defining Unicode char U+00F7 (decimal 247)
   defining Unicode char U+0192 (decimal 402)
   defining Unicode char U+02C7 (decimal 711)
   defining Unicode char U+02D8 (decimal 728)
   defining Unicode char U+02DD (decimal 733)
   defining Unicode char U+0E3F (decimal 3647)
   defining Unicode char U+2016 (decimal 8214)
   defining Unicode char U+2020 (decimal 8224)
   defining Unicode char U+2021 (decimal 8225)
   defining Unicode char U+2022 (decimal 8226)
   defining Unicode char U+2030 (decimal 8240)
   defining Unicode char U+2031 (decimal 8241)
   defining Unicode char U+203B (decimal 8251)
   defining Unicode char U+203D (decimal 8253)
   defining Unicode char U+2044 (decimal 8260)
   defining Unicode char U+204E (decimal 8270)
   defining Unicode char U+2052 (decimal 8274)
   defining Unicode char U+20A1 (decimal 8353)
   defining Unicode char U+20A4 (decimal 8356)
   defining Unicode char U+20A6 (decimal 8358)
   defining Unicode char U+20A9 (decimal 8361)
   defining Unicode char U+20AB (decimal 8363)
   defining Unicode char U+20AC (decimal 8364)
   defining Unicode char U+20B1 (decimal 8369)
   defining Unicode char U+2103 (decimal 8451)
   defining Unicode char U+2116 (decimal 8470)
   defining Unicode char U+2117 (decimal 8471)
   defining Unicode char U+211E (decimal 8478)
   defining Unicode char U+2120 (decimal 8480)
   defining Unicode char U+2122 (decimal 8482)
   defining Unicode char U+2126 (decimal 8486)
   defining Unicode char U+2127 (decimal 8487)
   defining Unicode char U+212E (decimal 8494)
   defining Unicode char U+2190 (decimal 8592)
   defining Unicode char U+2191 (decimal 8593)
   defining Unicode char U+2192 (decimal 8594)
   defining Unicode char U+2193 (decimal 8595)
   defining Unicode char U+2329 (decimal 9001)
   defining Unicode char U+232A (decimal 9002)
   defining Unicode char U+2422 (decimal 9250)
   defining Unicode char U+25E6 (decimal 9702)
   defining Unicode char U+25EF (decimal 9711)
   defining Unicode char U+266A (decimal 9834)
   defining Unicode char U+FEFF (decimal 65279)
))
LaTeX Info: Redefining \oldstylenums on input line 334.
Package textcomp Info: Setting cmr sub-encoding to TS1/0 on input line 349.
Package textcomp Info: Setting cmss sub-encoding to TS1/0 on input line 350.
Package textcomp Info: Setting cmtt sub-encoding to TS1/0 on input line 351.
Package textcomp Info: Setting cmvtt sub-encoding to TS1/0 on input line 352.
Package textcomp Info: Setting cmbr sub-encoding to TS1/0 on input line 353.
Package textcomp Info: Setting cmtl sub-encoding to TS1/0 on input line 354.
Package textcomp Info: Setting ccr sub-encoding to TS1/0 on input line 355.
Package textcomp Info: Setting ptm sub-encoding to TS1/4 on input line 356.
Package textcomp Info: Setting pcr sub-encoding to TS1/4 on input line 357.
Package textcomp Info: Setting phv sub-encoding to TS1/4 on input line 358.
Package textcomp Info: Setting ppl sub-encoding to TS1/3 on input line 359.
Package textcomp Info: Setting pag sub-encoding to TS1/4 on input line 360.
Package textcomp Info: Setting pbk sub-encoding to TS1/4 on input line 361.
Package textcomp Info: Setting pnc sub-encoding to TS1/4 on input line 362.
Package textcomp Info: Setting pzc sub-encoding to TS1/4 on input line 363.
Package textcomp Info: Setting bch sub-encoding to TS1/4 on input line 364.
Package textcomp Info: Setting put sub-encoding to TS1/5 on input line 365.
Package textcomp Info: Setting uag sub-encoding to TS1/5 on input line 366.
Package textcomp Info: Setting ugq sub-encoding to TS1/5 on input line 367.
Package textcomp Info: Setting ul8 sub-encoding to TS1/4 on input line 368.
Package textcomp Info: Setting ul9 sub-encoding to TS1/4 on input line 369.
Package textcomp Info: Setting augie sub-encoding to TS1/5 on input line 370.
Package textcomp Info: Setting dayrom sub-encoding to TS1/3 on input line 371.
Package textcomp Info: Setting dayroms sub-encoding to TS1/3 on input line 372.

Package textcomp Info: Setting pxr sub-encoding to TS1/0 on input line 373.
Package textcomp Info: Setting pxss sub-encoding to TS1/0 on input line 374.
Package textcomp Info: Setting pxtt sub-encoding to TS1/0 on input line 375.
Package textcomp Info: Setting txr sub-encoding to TS1/0 on input line 376.
Package textcomp Info: Setting txss sub-encoding to TS1/0 on input line 377.
Package textcomp Info: Setting txtt sub-encoding to TS1/0 on input line 378.
Package textcomp Info: Setting lmr sub-encoding to TS1/0 on input line 379.
Package textcomp Info: Setting lmdh sub-encoding to TS1/0 on input line 380.
Package textcomp Info: Setting lmss sub-encoding to TS1/0 on input line 381.
Package textcomp Info: Setting lmssq sub-encoding to TS1/0 on input line 382.
Package textcomp Info: Setting lmvtt sub-encoding to TS1/0 on input line 383.
Package textcomp Info: Setting lmtt sub-encoding to TS1/0 on input line 384.
Package textcomp Info: Setting qhv sub-encoding to TS1/0 on input line 385.
Package textcomp Info: Setting qag sub-encoding to TS1/0 on input line 386.
Package textcomp Info: Setting qbk sub-encoding to TS1/0 on input line 387.
Package textcomp Info: Setting qcr sub-encoding to TS1/0 on input line 388.
Package textcomp Info: Setting qcs sub-encoding to TS1/0 on input line 389.
Package textcomp Info: Setting qpl sub-encoding to TS1/0 on input line 390.
Package textcomp Info: Setting qtm sub-encoding to TS1/0 on input line 391.
Package textcomp Info: Setting qzc sub-encoding to TS1/0 on input line 392.
Package textcomp Info: Setting qhvc sub-encoding to TS1/0 on input line 393.
Package textcomp Info: Setting futs sub-encoding to TS1/4 on input line 394.
Package textcomp Info: Setting futx sub-encoding to TS1/4 on input line 395.
Package textcomp Info: Setting futj sub-encoding to TS1/4 on input line 396.
Package textcomp Info: Setting hlh sub-encoding to TS1/3 on input line 397.
Package textcomp Info: Setting hls sub-encoding to TS1/3 on input line 398.
Package textcomp Info: Setting hlst sub-encoding to TS1/3 on input line 399.
Package textcomp Info: Setting hlct sub-encoding to TS1/5 on input line 400.
Package textcomp Info: Setting hlx sub-encoding to TS1/5 on input line 401.
Package textcomp Info: Setting hlce sub-encoding to TS1/5 on input line 402.
Package textcomp Info: Setting hlcn sub-encoding to TS1/5 on input line 403.
Package textcomp Info: Setting hlcw sub-encoding to TS1/5 on input line 404.
Package textcomp Info: Setting hlcf sub-encoding to TS1/5 on input line 405.
Package textcomp Info: Setting pplx sub-encoding to TS1/3 on input line 406.
Package textcomp Info: Setting pplj sub-encoding to TS1/3 on input line 407.
Package textcomp Info: Setting ptmx sub-encoding to TS1/4 on input line 408.
Package textcomp Info: Setting ptmj sub-encoding to TS1/4 on input line 409.
)
(/usr/local/texlive/2018/texmf-dist/tex/latex/graphics/color.sty
Package: color 2016/07/10 v1.1e Standard LaTeX Color (DPC)

(/usr/local/texlive/2018/texmf-dist/tex/latex/graphics-cfg/color.cfg
File: color.cfg 2016/01/02 v1.6 sample color configuration
)
Package color Info: Driver file: pdftex.def on input line 147.
)
(/usr/local/texlive/2018/texmf-dist/tex/latex/listings/lstlang1.sty
File: lstlang1.sty 2015/06/04 1.6 listings language file
)
Package csquotes Info: Checking for multilingual support...
Package csquotes Info: ... none found.

(./dissertation.aux

LaTeX Warning: Label `TD error' multiply defined.


LaTeX Warning: Label `SARSA' multiply defined.


LaTeX Warning: Label `Policy Gradient' multiply defined.


LaTeX Warning: Label `Policy Gradient' multiply defined.


LaTeX Warning: Label `Policy Gradient' multiply defined.


LaTeX Warning: Label `Policy Gradient' multiply defined.


LaTeX Warning: Label `Policy Gradient' multiply defined.


LaTeX Warning: Label `Vanilla Reward' multiply defined.


LaTeX Warning: Label `subsection:Analysis and Evaluation of PG Vanilla' multipl
y defined.

)
\openout1 = `dissertation.aux'.

LaTeX Font Info:    Checking defaults for OML/cmm/m/it on input line 91.
LaTeX Font Info:    ... okay on input line 91.
LaTeX Font Info:    Checking defaults for T1/cmr/m/n on input line 91.
LaTeX Font Info:    ... okay on input line 91.
LaTeX Font Info:    Checking defaults for OT1/cmr/m/n on input line 91.
LaTeX Font Info:    ... okay on input line 91.
LaTeX Font Info:    Checking defaults for OMS/cmsy/m/n on input line 91.
LaTeX Font Info:    ... okay on input line 91.
LaTeX Font Info:    Checking defaults for OMX/cmex/m/n on input line 91.
LaTeX Font Info:    ... okay on input line 91.
LaTeX Font Info:    Checking defaults for U/cmr/m/n on input line 91.
LaTeX Font Info:    ... okay on input line 91.
LaTeX Font Info:    Checking defaults for PD1/pdf/m/n on input line 91.
LaTeX Font Info:    ... okay on input line 91.
LaTeX Font Info:    Checking defaults for TS1/cmr/m/n on input line 91.
LaTeX Font Info:    Try loading font information for TS1+cmr on input line 91.
 (/usr/local/texlive/2018/texmf-dist/tex/latex/base/ts1cmr.fd
File: ts1cmr.fd 2014/09/29 v2.5h Standard LaTeX font definitions
)
LaTeX Font Info:    ... okay on input line 91.

(/usr/local/texlive/2018/texmf-dist/tex/context/base/mkii/supp-pdf.mkii
[Loading MPS to PDF converter (version 2006.09.02).]
\scratchcounter=\count174
\scratchdimen=\dimen160
\scratchbox=\box43
\nofMPsegments=\count175
\nofMParguments=\count176
\everyMPshowfont=\toks35
\MPscratchCnt=\count177
\MPscratchDim=\dimen161
\MPnumerator=\count178
\makeMPintoPDFobject=\count179
\everyMPtoPDFconversion=\toks36
) (/usr/local/texlive/2018/texmf-dist/tex/latex/oberdiek/epstopdf-base.sty
Package: epstopdf-base 2016/05/15 v2.6 Base part for package epstopdf

(/usr/local/texlive/2018/texmf-dist/tex/latex/oberdiek/grfext.sty
Package: grfext 2016/05/16 v1.2 Manage graphics extensions (HO)
)
Package epstopdf-base Info: Redefining graphics rule for `.eps' on input line 4
38.
Package grfext Info: Graphics extension search list:
(grfext)             [.pdf,.png,.jpg,.mps,.jpeg,.jbig2,.jb2,.PDF,.PNG,.JPG,.JPE
G,.JBIG2,.JB2,.eps]
(grfext)             \AppendGraphicsExtensions on input line 456.

(/usr/local/texlive/2018/texmf-dist/tex/latex/latexconfig/epstopdf-sys.cfg
File: epstopdf-sys.cfg 2010/07/13 v1.3 Configuration of (r)epstopdf for TeX Liv
e
))
*geometry* driver: auto-detecting
*geometry* detected driver: pdftex
*geometry* verbose mode - [ preamble ] result:
* driver: pdftex
* paper: a4paper
* layout: <same size as paper>
* layoutoffset:(h,v)=(0.0pt,0.0pt)
* modes: twoside 
* h-part:(L,W,R)=(71.13188pt, 455.24411pt, 71.13188pt)
* v-part:(T,H,B)=(71.13188pt, 702.78308pt, 71.13188pt)
* \paperwidth=597.50787pt
* \paperheight=845.04684pt
* \textwidth=455.24411pt
* \textheight=702.78308pt
* \oddsidemargin=-1.1381pt
* \evensidemargin=-1.1381pt
* \topmargin=-31.2056pt
* \headheight=12.0pt
* \headsep=18.06749pt
* \topskip=10.0pt
* \footskip=25.29494pt
* \marginparwidth=115.0pt
* \marginparsep=7.0pt
* \columnsep=10.0pt
* \skip\footins=9.0pt plus 4.0pt minus 2.0pt
* \hoffset=0.0pt
* \voffset=0.0pt
* \mag=1000
* \@twocolumnfalse
* \@twosidetrue
* \@mparswitchtrue
* \@reversemarginfalse
* (1in=72.27pt=25.4mm, 1cm=28.453pt)

(/usr/local/texlive/2018/texmf-dist/tex/latex/fmtcount/fc-english.def
File: fc-english.def 2016/01/12
)
\c@lstlisting=\count180
\AtBeginShipoutBox=\box44
Package hyperref Info: Link coloring ON on input line 91.

(/usr/local/texlive/2018/texmf-dist/tex/latex/hyperref/nameref.sty
Package: nameref 2016/05/21 v2.44 Cross-referencing by name of section

(/usr/local/texlive/2018/texmf-dist/tex/generic/oberdiek/gettitlestring.sty
Package: gettitlestring 2016/05/16 v1.5 Cleanup title references (HO)
)
\c@section@level=\count181
)
LaTeX Info: Redefining \ref on input line 91.
LaTeX Info: Redefining \pageref on input line 91.
LaTeX Info: Redefining \nameref on input line 91.

(./dissertation.out) (./dissertation.out)
\@outlinefile=\write4
\openout4 = `dissertation.out'.

Package caption Info: Begin \AtBeginDocument code.
Package caption Info: subfig package v1.3 is loaded.
Package caption Info: wrapfig package is loaded.
Package caption Info: End \AtBeginDocument code.

Overfull \hbox (15.0pt too wide) in paragraph at lines 108--108
[][]
 []


Underfull \hbox (badness 10000) in paragraph at lines 108--108

 []

<logo/logo_uob_color.pdf, id=76, 546.04pt x 158.5925pt>
File: logo/logo_uob_color.pdf Graphic file (type pdf)
<use logo/logo_uob_color.pdf>
Package pdftex.def Info: logo/logo_uob_color.pdf  used on input line 108.
(pdftex.def)             Requested size: 163.81326pt x 47.57811pt.
LaTeX Font Info:    Try loading font information for U+msa on input line 108.
(/usr/local/texlive/2018/texmf-dist/tex/latex/amsfonts/umsa.fd
File: umsa.fd 2013/01/14 v3.01 AMS symbols A
)
LaTeX Font Info:    Try loading font information for U+msb on input line 108.

(/usr/local/texlive/2018/texmf-dist/tex/latex/amsfonts/umsb.fd
File: umsb.fd 2013/01/14 v3.01 AMS symbols B
) [1

{/usr/local/texlive/2018/texmf-var/fonts/map/pdftex/updmap/pdftex.map} <./logo/
logo_uob_color.pdf>] [2

] [1

] [2

] (./dissertation.toc)
\tf@toc=\write5
\openout5 = `dissertation.toc'.

 [3] [4

] (./dissertation.lof

LaTeX Warning: Citation `https://www.davidsilver.uk/wp-content/uploads/2020/03/
FA.pdf' on page v undefined on input line 5.

)
\tf@lof=\write6
\openout6 = `dissertation.lof'.

 [5] [6

] (./dissertation.lot)
\tf@lot=\write7
\openout7 = `dissertation.lot'.

 [7] [8

]

LaTeX Warning: Citation `DQN' on page ix undefined on input line 140.


LaTeX Warning: Citation `BSE' on page ix undefined on input line 148.


LaTeX Warning: Citation `BSG' on page ix undefined on input line 148.


Underfull \hbox (badness 10000) in paragraph at lines 139--152

 []


Underfull \hbox (badness 10000) in paragraph at lines 139--152

 []


Underfull \hbox (badness 10000) in paragraph at lines 139--152

 []


LaTeX Warning: Citation `BC4' on page ix undefined on input line 166.

[9] [10

] [11] [12

] [13] [14

] [15] [16

]
Chapter 1.

LaTeX Warning: Citation `limit-order' on page 1 undefined on input line 273.


LaTeX Warning: Citation `algorithmic-trading-wiki' on page 1 undefined on input
 line 280.


Underfull \hbox (badness 10000) in paragraph at lines 273--284

 []


Underfull \hbox (badness 10000) in paragraph at lines 273--284

 []


Underfull \hbox (badness 10000) in paragraph at lines 273--284

 []


LaTeX Warning: Citation `MarketEquilibrium' on page 1 undefined on input line 2
91.


LaTeX Warning: Citation `https://www.investopedia.com/terms/c/competitive-equil
ibriums.asp' on page 1 undefined on input line 291.


LaTeX Warning: Citation `Gode and Sunder' on page 1 undefined on input line 297
.


LaTeX Warning: Citation `https://www.economicshelp.org/blog/glossary/allocative
-efficiency/' on page 1 undefined on input line 300.


LaTeX Warning: Citation `Cliff-critique' on page 1 undefined on input line 303.



LaTeX Warning: Citation `GD' on page 1 undefined on input line 306.


LaTeX Warning: Citation `IBM experiments' on page 1 undefined on input line 309
.


LaTeX Warning: Citation `AA' on page 1 undefined on input line 312.


LaTeX Warning: Citation `FinTech Lecture Slides' on page 1 undefined on input l
ine 312.


LaTeX Warning: Citation `FinTech Lecture Slides' on page 1 undefined on input l
ine 312.


Underfull \hbox (badness 10000) in paragraph at lines 288--313

 []


Underfull \hbox (badness 10000) in paragraph at lines 288--313

 []


Underfull \hbox (badness 10000) in paragraph at lines 288--313

 []


Underfull \hbox (badness 10000) in paragraph at lines 288--313

 []


Underfull \hbox (badness 10000) in paragraph at lines 288--313

 []


Underfull \hbox (badness 10000) in paragraph at lines 288--313

 []


Underfull \hbox (badness 10000) in paragraph at lines 288--313

 []


Underfull \hbox (badness 10000) in paragraph at lines 288--313

 []

pdfTeX warning (ext4): destination with the same identifier (name{page.1}) has 
been already used, duplicate ignored
<to be read again> 
                   \relax 
l.313 
       [1

]

LaTeX Warning: Citation `Deep Learning Revolution' on page 2 undefined on input
 line 316.


LaTeX Warning: Citation `RL-history' on page 2 undefined on input line 319.


Underfull \hbox (badness 10000) in paragraph at lines 316--320

 []


Underfull \vbox (badness 10000) has occurred while \output is active []

pdfTeX warning (ext4): destination with the same identifier (name{page.2}) has 
been already used, duplicate ignored
<to be read again> 
                   \relax 
l.320 
       [2]

LaTeX Warning: Citation `deep learning robots https://arxiv.org/abs/1504.00702'
 on page 3 undefined on input line 321.


LaTeX Warning: Citation `mx banks profit breakdown https://www.mx.com/moneysumm
it/top-us-retail-banks-income-revenue' on page 3 undefined on input line 340.


LaTeX Warning: Citation `quora-trading-hard' on page 3 undefined on input line 
347.


LaTeX Warning: Citation `https://www.statista.com/chart/20245/share-of-computer
ized-and-human-trading-in-us-equities/' on page 3 undefined on input line 347.


LaTeX Warning: Citation `https://www.statista.com/chart/20245/share-of-computer
ized-and-human-trading-in-us-equities/' on page 3 undefined on input line 350.


Underfull \hbox (badness 10000) in paragraph at lines 334--354

 []


Underfull \hbox (badness 10000) in paragraph at lines 334--354

 []


Underfull \hbox (badness 10000) in paragraph at lines 334--354

 []


Underfull \hbox (badness 10000) in paragraph at lines 334--354

 []


Underfull \hbox (badness 10000) in paragraph at lines 334--354

 []


Underfull \hbox (badness 10000) in paragraph at lines 334--354

 []

[3]

LaTeX Warning: Reference `section:DevelopmentsAI' on page 4 undefined on input 
line 359.


LaTeX Warning: Citation `deepmind alpha go zero' on page 4 undefined on input l
ine 362.


Underfull \hbox (badness 10000) in paragraph at lines 359--370

 []


Underfull \hbox (badness 10000) in paragraph at lines 359--370

 []


Underfull \hbox (badness 10000) in paragraph at lines 359--370

 []


LaTeX Warning: Citation `falcao' on page 4 undefined on input line 375.


Underfull \hbox (badness 10000) in paragraph at lines 375--382

 []


Underfull \hbox (badness 10000) in paragraph at lines 375--382

 []


Underfull \hbox (badness 10000) in paragraph at lines 388--398

 []


Underfull \hbox (badness 10000) in paragraph at lines 388--398

 []


Underfull \hbox (badness 10000) in paragraph at lines 388--398

 []

[4] [5] [6

]
Chapter 2.
<LOB-Precross.png, id=254, 324.21124pt x 131.49126pt>
File: LOB-Precross.png Graphic file (type png)
<use LOB-Precross.png>
Package pdftex.def Info: LOB-Precross.png  used on input line 452.
(pdftex.def)             Requested size: 364.19667pt x 147.71861pt.

Underfull \hbox (badness 10000) in paragraph at lines 456--462

 []

[7 <./LOB-Precross.png>]

LaTeX Warning: Reference `fig:lob' on page 8 undefined on input line 472.


Underfull \hbox (badness 10000) in paragraph at lines 487--496

 []


Underfull \hbox (badness 10000) in paragraph at lines 487--496

 []

<LOB-Postcross.png, id=266, 323.2075pt x 133.49875pt>
File: LOB-Postcross.png Graphic file (type png)
<use LOB-Postcross.png>
Package pdftex.def Info: LOB-Postcross.png  used on input line 499.
(pdftex.def)             Requested size: 364.19667pt x 150.43625pt.

LaTeX Warning: Reference `fig:lob' on page 8 undefined on input line 504.


Underfull \hbox (badness 10000) in paragraph at lines 508--512

 []

[8 <./LOB-Postcross.png>]

LaTeX Warning: Citation `hey' on page 9 undefined on input line 519.


Underfull \hbox (badness 10000) in paragraph at lines 519--532

 []


Underfull \hbox (badness 10000) in paragraph at lines 519--532

 []


Underfull \hbox (badness 10000) in paragraph at lines 519--532

 []

[9]
Underfull \hbox (badness 10000) in paragraph at lines 545--549

 []


Underfull \hbox (badness 10000) in paragraph at lines 545--549

 []


Underfull \hbox (badness 10000) in paragraph at lines 561--566

 []


LaTeX Warning: Citation `rearrange-value-function https://www.jeremyjordan.me/m
arkov-decision-process/' on page 10 undefined on input line 575.


Underfull \hbox (badness 10000) in paragraph at lines 584--589

 []


LaTeX Warning: Citation `rearrange-value-function https://www.jeremyjordan.me/m
arkov-decision-process' on page 10 undefined on input line 603.


Underfull \hbox (badness 10000) in paragraph at lines 599--605

 []

[10]

LaTeX Warning: Citation `MDP-theorem RL Course by David Silver - Lecture 2: Mar
kov Decision Process' on page 11 undefined on input line 645.


Underfull \hbox (badness 10000) in paragraph at lines 660--681

 []


Underfull \hbox (badness 10000) in paragraph at lines 660--681

 []


Underfull \hbox (badness 10000) in paragraph at lines 660--681

 []


Underfull \hbox (badness 10000) in paragraph at lines 660--681

 []


Underfull \hbox (badness 10000) in paragraph at lines 660--681

 []


Underfull \hbox (badness 10000) in paragraph at lines 660--681

 []

[11]
Underfull \hbox (badness 10000) in paragraph at lines 716--720

 []

[12]
Underfull \hbox (badness 10000) in paragraph at lines 734--739

 []


Underfull \hbox (badness 10000) in paragraph at lines 734--739

 []


LaTeX Warning: Citation `https://www.cellstrat.com/2020/04/27/temporal-differen
ce-methods/' on page 13 undefined on input line 741.


Underfull \hbox (badness 10000) in paragraph at lines 740--748

 []


Underfull \hbox (badness 10000) in paragraph at lines 740--748

 []


Underfull \hbox (badness 10000) in paragraph at lines 753--763

 []


Underfull \hbox (badness 10000) in paragraph at lines 753--763

 []


Underfull \hbox (badness 10000) in paragraph at lines 770--775

 []


Underfull \hbox (badness 10000) in paragraph at lines 787--792

 []

[13]
<value-approximators.png, id=338, 445.665pt x 252.945pt>
File: value-approximators.png Graphic file (type png)
<use value-approximators.png>
Package pdftex.def Info: value-approximators.png  used on input line 813.
(pdftex.def)             Requested size: 364.19667pt x 206.70607pt.


LaTeX Warning: Citation `https://www.davidsilver.uk/wp-content/uploads/2020/03/
FA.pdf' on page 14 undefined on input line 814.


LaTeX Warning: Citation `https://www.davidsilver.uk/wp-content/uploads/2020/03/
FA.pdf' on page 14 undefined on input line 814.


Underfull \hbox (badness 10000) in paragraph at lines 819--827

 []


Underfull \hbox (badness 10000) in paragraph at lines 819--827

 []


LaTeX Warning: Citation `https://www.davidsilver.uk/wp-content/uploads/2020/03/
FA.pdf' on page 14 undefined on input line 833.

[14 <./value-approximators.png>]
Underfull \hbox (badness 10000) in paragraph at lines 851--855

 []


Underfull \hbox (badness 10000) in paragraph at lines 869--878

 []


Underfull \hbox (badness 10000) in paragraph at lines 869--878

 []


Underfull \hbox (badness 10000) in paragraph at lines 892--898

 []


LaTeX Warning: Citation `score-function' on page 15 undefined on input line 904
.


Underfull \hbox (badness 10000) in paragraph at lines 903--908

 []

[15]
Underfull \hbox (badness 10000) in paragraph at lines 922--926

 []


Underfull \hbox (badness 10000) in paragraph at lines 922--926

 []


Underfull \hbox (badness 10000) in paragraph at lines 927--933

 []


Underfull \hbox (badness 10000) in paragraph at lines 957--963

 []


Underfull \hbox (badness 10000) in paragraph at lines 967--976

 []


Underfull \hbox (badness 10000) in paragraph at lines 967--976

 []

[16] [17] [18

]
Chapter 3.

Underfull \hbox (badness 10000) in paragraph at lines 987--992

 []


Underfull \hbox (badness 10000) in paragraph at lines 987--992

 []


Underfull \hbox (badness 10000) in paragraph at lines 993--998

 []

<RL-architecture.jpg, id=383, 421.575pt x 162.6075pt>
File: RL-architecture.jpg Graphic file (type jpg)
<use RL-architecture.jpg>
Package pdftex.def Info: RL-architecture.jpg  used on input line 1004.
(pdftex.def)             Requested size: 364.19667pt x 140.47739pt.
[19 <./RL-architecture.jpg>]
Underfull \hbox (badness 10000) in paragraph at lines 1025--1029

 []


Underfull \hbox (badness 10000) in paragraph at lines 1025--1029

 []


Overfull \hbox (6.0pt too wide) in paragraph at lines 1039--1039
[][][][][][][] 
 []


Underfull \hbox (badness 10000) in paragraph at lines 1041--1047

 []


Underfull \hbox (badness 10000) in paragraph at lines 1050--1055

 []

LaTeX Font Info:    Try loading font information for TS1+cmtt on input line 106
0.
(/usr/local/texlive/2018/texmf-dist/tex/latex/base/ts1cmtt.fd
File: ts1cmtt.fd 2014/09/29 v2.5h Standard LaTeX font definitions
) [20]
Overfull \hbox (6.0pt too wide) in paragraph at lines 1065--1065
[][][][][][][] 
 []


LaTeX Warning: Citation `Deep learning for limit order books paper in research 
folder' on page 21 undefined on input line 1076.


Underfull \hbox (badness 10000) in paragraph at lines 1066--1077

 []


Underfull \hbox (badness 10000) in paragraph at lines 1066--1077

 []


Underfull \hbox (badness 10000) in paragraph at lines 1066--1077

 []

<LOB-Snapshot.png, id=415, 1099.10625pt x 774.895pt>
File: LOB-Snapshot.png Graphic file (type png)
<use LOB-Snapshot.png>
Package pdftex.def Info: LOB-Snapshot.png  used on input line 1081.
(pdftex.def)             Requested size: 227.62206pt x 160.47438pt.
<AE-Architecture.png, id=417, 1144.275pt x 677.53125pt>
File: AE-Architecture.png Graphic file (type png)
<use AE-Architecture.png>
Package pdftex.def Info: AE-Architecture.png  used on input line 1103.
(pdftex.def)             Requested size: 364.19667pt x 215.6462pt.

Underfull \hbox (badness 10000) in paragraph at lines 1085--1107

 []


Underfull \hbox (badness 10000) in paragraph at lines 1085--1107

 []


Underfull \hbox (badness 10000) in paragraph at lines 1085--1107

 []


Underfull \hbox (badness 10000) in paragraph at lines 1085--1107

 []


Underfull \hbox (badness 10000) in paragraph at lines 1085--1107

 []


Underfull \hbox (badness 10000) in paragraph at lines 1085--1107

 []

[21 <./LOB-Snapshot.png>]
Underfull \hbox (badness 10000) in paragraph at lines 1108--1122

 []


Underfull \hbox (badness 10000) in paragraph at lines 1108--1122

 []


Underfull \hbox (badness 10000) in paragraph at lines 1108--1122

 []


Underfull \hbox (badness 10000) in paragraph at lines 1108--1122

 []

[22 <./AE-Architecture.png>]
Underfull \hbox (badness 10000) in paragraph at lines 1138--1145

 []


Underfull \hbox (badness 10000) in paragraph at lines 1138--1145

 []


Underfull \hbox (badness 10000) in paragraph at lines 1151--1159

 []


Underfull \hbox (badness 10000) in paragraph at lines 1151--1159

 []


Underfull \hbox (badness 10000) in paragraph at lines 1162--1167

 []

[23]
<PG-Vanilla-Reward.png, id=445, 578.16pt x 433.62pt>
File: PG-Vanilla-Reward.png Graphic file (type png)
<use PG-Vanilla-Reward.png>
Package pdftex.def Info: PG-Vanilla-Reward.png  used on input line 1196.
(pdftex.def)             Requested size: 364.19667pt x 273.14235pt.

Underfull \hbox (badness 10000) in paragraph at lines 1201--1205

 []

[24 <./PG-Vanilla-Reward.png>]
<PG-Vanilla-Num-Trades.png, id=453, 578.16pt x 433.62pt>
File: PG-Vanilla-Num-Trades.png Graphic file (type png)
<use PG-Vanilla-Num-Trades.png>
Package pdftex.def Info: PG-Vanilla-Num-Trades.png  used on input line 1208.
(pdftex.def)             Requested size: 364.19667pt x 273.14235pt.

Underfull \hbox (badness 10000) in paragraph at lines 1213--1219

 []

<PG-Vanilla-Good-Vs-Bad-Trades.png, id=454, 578.16pt x 433.62pt>
File: PG-Vanilla-Good-Vs-Bad-Trades.png Graphic file (type png)
<use PG-Vanilla-Good-Vs-Bad-Trades.png>
Package pdftex.def Info: PG-Vanilla-Good-Vs-Bad-Trades.png  used on input line 
1222.
(pdftex.def)             Requested size: 364.19667pt x 273.14235pt.

Underfull \vbox (badness 10000) has occurred while \output is active []

 [25 <./PG-Vanilla-Num-Trades.png>]
Underfull \hbox (badness 10000) in paragraph at lines 1227--1233

 []


LaTeX Warning: Citation `https://medium.com/@BonsaiAI/deep-reinforcement-learni
ng-models-tips-tricks-for-writing-reward-functions-a84fe525e8e0' on page 26 und
efined on input line 1237.


Underfull \hbox (badness 10000) in paragraph at lines 1237--1247

 []


Underfull \hbox (badness 10000) in paragraph at lines 1237--1247

 []


Underfull \hbox (badness 10000) in paragraph at lines 1237--1247

 []

[26 <./PG-Vanilla-Good-Vs-Bad-Trades.png>]
LaTeX Font Info:    Try loading font information for OML+cmtt on input line 125
9.
LaTeX Font Info:    No file OMLcmtt.fd. on input line 1259.


LaTeX Font Warning: Font shape `OML/cmtt/m/n' undefined
(Font)              using `OML/cmm/m/it' instead
(Font)              for symbol `textgreater' on input line 1259.


Overfull \hbox (16.06036pt too wide) in paragraph at lines 1259--1260
[]\OT1/cmr/m/n/10 R(t) = 10 :\OT1/cmtt/m/n/10 if (Action == SELL and trader.pos
ition == BOUGHT and current[]midprice \OML/cmm/m/it/10 >\OT1/cmtt/m/n/10 price
 []


Overfull \hbox (0.3105pt too wide) in paragraph at lines 1260--1261
[]\OT1/cmr/m/n/10 R(t) = 10 :\OT1/cmtt/m/n/10 if (Action == BUY and trader.posi
tion == SOLD and current[]midprice \OML/cmtt/m/n/10 <\OT1/cmtt/m/n/10 price
 []


Overfull \hbox (19.39369pt too wide) in paragraph at lines 1261--1262
[]\OT1/cmr/m/n/10 R(t) = -10 :\OT1/cmtt/m/n/10 if (Action == SELL and trader.po
sition == BOUGHT and current[]midprice \OML/cmtt/m/n/10 <\OT1/cmtt/m/n/10 price

 []


Overfull \hbox (3.64383pt too wide) in paragraph at lines 1262--1263
[]\OT1/cmr/m/n/10 R(t) = -10 :\OT1/cmtt/m/n/10 if (Action == BUY and trader.pos
ition == SOLD and current[]midprice \OML/cmtt/m/n/10 >\OT1/cmtt/m/n/10 price
 []


Underfull \hbox (badness 10000) in paragraph at lines 1264--1278

 []


Underfull \hbox (badness 10000) in paragraph at lines 1264--1278

 []


Underfull \hbox (badness 10000) in paragraph at lines 1264--1278

 []


Underfull \hbox (badness 10000) in paragraph at lines 1264--1278

 []

File: PG-Vanilla-Reward.png Graphic file (type png)
<use PG-Vanilla-Reward.png>
Package pdftex.def Info: PG-Vanilla-Reward.png  used on input line 1283.
(pdftex.def)             Requested size: 364.19667pt x 273.14235pt.

Underfull \vbox (badness 6094) has occurred while \output is active []

 [27]
File: PG-Vanilla-Good-Vs-Bad-Trades.png Graphic file (type png)
<use PG-Vanilla-Good-Vs-Bad-Trades.png>
Package pdftex.def Info: PG-Vanilla-Good-Vs-Bad-Trades.png  used on input line 
1293.
(pdftex.def)             Requested size: 364.19667pt x 273.14235pt.

[28] [29] [30

]
Chapter 4.
[31] [32

]
Chapter 5.
[33] [34

]
No file dissertation.bbl.
Appendix A.
Package atveryend Info: Empty hook `BeforeClearDocument' on input line 1472.
[35

]
Package atveryend Info: Empty hook `AfterLastShipout' on input line 1472.
 (./dissertation.aux)
Package atveryend Info: Executing hook `AtVeryEndDocument' on input line 1472.
Package atveryend Info: Executing hook `AtEndAfterFileList' on input line 1472.

Package rerunfilecheck Info: File `dissertation.out' has not changed.
(rerunfilecheck)             Checksum: 9FF84528ECD4F84100DFB12059810992;1075.


LaTeX Font Warning: Some font shapes were not available, defaults substituted.


LaTeX Warning: There were undefined references.


LaTeX Warning: There were multiply-defined labels.

 )
(\end occurred inside a group at level 1)

### simple group (level 1) entered at line 546 ({)
### bottom level 
Here is how much of TeX's memory you used:
 15016 strings out of 492649
 229948 string characters out of 6129621
 507131 words of memory out of 5000000
 18465 multiletter control sequences out of 15000+600000
 10952 words of font info for 41 fonts, out of 8000000 for 9000
 1141 hyphenation exceptions out of 8191
 61i,24n,96p,1134b,2047s stack positions out of 5000i,500n,10000p,200000b,80000s
{/usr/local/texlive/2018/texmf-dist/fonts/enc/dvips/cm-super/cm
-super-ts1.enc}</usr/local/texlive/2018/texmf-dist/fonts/type1/public/amsfonts/
cm/cmbx10.pfb></usr/local/texlive/2018/texmf-dist/fonts/type1/public/amsfonts/c
m/cmbx12.pfb></usr/local/texlive/2018/texmf-dist/fonts/type1/public/amsfonts/cm
/cmbx7.pfb></usr/local/texlive/2018/texmf-dist/fonts/type1/public/amsfonts/cm/c
mex10.pfb></usr/local/texlive/2018/texmf-dist/fonts/type1/public/amsfonts/cm/cm
mi10.pfb></usr/local/texlive/2018/texmf-dist/fonts/type1/public/amsfonts/cm/cmm
i5.pfb></usr/local/texlive/2018/texmf-dist/fonts/type1/public/amsfonts/cm/cmmi7
.pfb></usr/local/texlive/2018/texmf-dist/fonts/type1/public/amsfonts/cm/cmr10.p
fb></usr/local/texlive/2018/texmf-dist/fonts/type1/public/amsfonts/cm/cmr12.pfb
></usr/local/texlive/2018/texmf-dist/fonts/type1/public/amsfonts/cm/cmr17.pfb><
/usr/local/texlive/2018/texmf-dist/fonts/type1/public/amsfonts/cm/cmr5.pfb></us
r/local/texlive/2018/texmf-dist/fonts/type1/public/amsfonts/cm/cmr7.pfb></usr/l
ocal/texlive/2018/texmf-dist/fonts/type1/public/amsfonts/cm/cmsl10.pfb></usr/lo
cal/texlive/2018/texmf-dist/fonts/type1/public/amsfonts/cm/cmsy10.pfb></usr/loc
al/texlive/2018/texmf-dist/fonts/type1/public/amsfonts/cm/cmsy5.pfb></usr/local
/texlive/2018/texmf-dist/fonts/type1/public/amsfonts/cm/cmsy7.pfb></usr/local/t
exlive/2018/texmf-dist/fonts/type1/public/amsfonts/cm/cmti10.pfb></usr/local/te
xlive/2018/texmf-dist/fonts/type1/public/amsfonts/cm/cmtt10.pfb></usr/local/tex
live/2018/texmf-dist/fonts/type1/public/amsfonts/cm/cmtt9.pfb></usr/local/texli
ve/2018/texmf-dist/fonts/type1/public/amsfonts/symbols/msbm10.pfb></usr/local/t
exlive/2018/texmf-dist/fonts/type1/public/cm-super/sfrm1000.pfb></usr/local/tex
live/2018/texmf-dist/fonts/type1/public/cm-super/sftt0900.pfb>
Output written on dissertation.pdf (53 pages, 838231 bytes).
PDF statistics:
 637 PDF objects out of 1000 (max. 8388607)
 536 compressed objects within 6 object streams
 184 named destinations out of 1000 (max. 500000)
 195 words of extra memory for PDF output out of 10000 (max. 10000000)

