This is pdfTeX, Version 3.14159265-2.6-1.40.19 (TeX Live 2018) (preloaded format=pdflatex 2018.12.13)  13 AUG 2020 16:12
entering extended mode
 restricted \write18 enabled.
 file:line:error style messages enabled.
 %&-line parsing enabled.
**dissertation.tex
(./dissertation.tex
LaTeX2e <2018-04-01> patch level 2
Babel <3.18> and hyphenation patterns for 84 language(s) loaded.
(./dissertation.cls
Document Class: dissertation 2012/05/04, Daniel Page <Daniel.Page@bristol.ac.uk
>
(/usr/local/texlive/2018/texmf-dist/tex/latex/pgf/utilities/pgfkeys.sty
(/usr/local/texlive/2018/texmf-dist/tex/generic/pgf/utilities/pgfkeys.code.tex
\pgfkeys@pathtoks=\toks14
\pgfkeys@temptoks=\toks15

(/usr/local/texlive/2018/texmf-dist/tex/generic/pgf/utilities/pgfkeysfiltered.c
ode.tex
\pgfkeys@tmptoks=\toks16
))) (/usr/local/texlive/2018/texmf-dist/tex/latex/pgfopts/pgfopts.sty
Package: pgfopts 2014/07/10 v2.1a LaTeX package options with pgfkeys
\pgfopts@list@add@a@toks=\toks17
\pgfopts@list@add@b@toks=\toks18
)
(/usr/local/texlive/2018/texmf-dist/tex/latex/base/book.cls
Document Class: book 2014/09/29 v1.4h Standard LaTeX document class
(/usr/local/texlive/2018/texmf-dist/tex/latex/base/bk10.clo
File: bk10.clo 2014/09/29 v1.4h Standard LaTeX file (size option)
)
\c@part=\count80
\c@chapter=\count81
\c@section=\count82
\c@subsection=\count83
\c@subsubsection=\count84
\c@paragraph=\count85
\c@subparagraph=\count86
\c@figure=\count87
\c@table=\count88
\abovecaptionskip=\skip41
\belowcaptionskip=\skip42
\bibindent=\dimen102
)
(/usr/local/texlive/2018/texmf-dist/tex/latex/graphics/graphicx.sty
Package: graphicx 2017/06/01 v1.1a Enhanced LaTeX Graphics (DPC,SPQR)

(/usr/local/texlive/2018/texmf-dist/tex/latex/graphics/keyval.sty
Package: keyval 2014/10/28 v1.15 key=value parser (DPC)
\KV@toks@=\toks19
)
(/usr/local/texlive/2018/texmf-dist/tex/latex/graphics/graphics.sty
Package: graphics 2017/06/25 v1.2c Standard LaTeX Graphics (DPC,SPQR)

(/usr/local/texlive/2018/texmf-dist/tex/latex/graphics/trig.sty
Package: trig 2016/01/03 v1.10 sin cos tan (DPC)
)
(/usr/local/texlive/2018/texmf-dist/tex/latex/graphics-cfg/graphics.cfg
File: graphics.cfg 2016/06/04 v1.11 sample graphics configuration
)
Package graphics Info: Driver file: pdftex.def on input line 99.

(/usr/local/texlive/2018/texmf-dist/tex/latex/graphics-def/pdftex.def
File: pdftex.def 2018/01/08 v1.0l Graphics/color driver for pdftex
))
\Gin@req@height=\dimen103
\Gin@req@width=\dimen104
)
(/usr/local/texlive/2018/texmf-dist/tex/latex/amsmath/amsmath.sty
Package: amsmath 2017/09/02 v2.17a AMS math features
\@mathmargin=\skip43

For additional information on amsmath, use the `?' option.
(/usr/local/texlive/2018/texmf-dist/tex/latex/amsmath/amstext.sty
Package: amstext 2000/06/29 v2.01 AMS text

(/usr/local/texlive/2018/texmf-dist/tex/latex/amsmath/amsgen.sty
File: amsgen.sty 1999/11/30 v2.0 generic functions
\@emptytoks=\toks20
\ex@=\dimen105
))
(/usr/local/texlive/2018/texmf-dist/tex/latex/amsmath/amsbsy.sty
Package: amsbsy 1999/11/29 v1.2d Bold Symbols
\pmbraise@=\dimen106
)
(/usr/local/texlive/2018/texmf-dist/tex/latex/amsmath/amsopn.sty
Package: amsopn 2016/03/08 v2.02 operator names
)
\inf@bad=\count89
LaTeX Info: Redefining \frac on input line 213.
\uproot@=\count90
\leftroot@=\count91
LaTeX Info: Redefining \overline on input line 375.
\classnum@=\count92
\DOTSCASE@=\count93
LaTeX Info: Redefining \ldots on input line 472.
LaTeX Info: Redefining \dots on input line 475.
LaTeX Info: Redefining \cdots on input line 596.
\Mathstrutbox@=\box26
\strutbox@=\box27
\big@size=\dimen107
LaTeX Font Info:    Redeclaring font encoding OML on input line 712.
LaTeX Font Info:    Redeclaring font encoding OMS on input line 713.
\macc@depth=\count94
\c@MaxMatrixCols=\count95
\dotsspace@=\muskip10
\c@parentequation=\count96
\dspbrk@lvl=\count97
\tag@help=\toks21
\row@=\count98
\column@=\count99
\maxfields@=\count100
\andhelp@=\toks22
\eqnshift@=\dimen108
\alignsep@=\dimen109
\tagshift@=\dimen110
\tagwidth@=\dimen111
\totwidth@=\dimen112
\lineht@=\dimen113
\@envbody=\toks23
\multlinegap=\skip44
\multlinetaggap=\skip45
\mathdisplay@stack=\toks24
LaTeX Info: Redefining \[ on input line 2817.
LaTeX Info: Redefining \] on input line 2818.
)
(/usr/local/texlive/2018/texmf-dist/tex/latex/amsfonts/amssymb.sty
Package: amssymb 2013/01/14 v3.01 AMS font symbols

(/usr/local/texlive/2018/texmf-dist/tex/latex/amsfonts/amsfonts.sty
Package: amsfonts 2013/01/14 v3.01 Basic AMSFonts support
\symAMSa=\mathgroup4
\symAMSb=\mathgroup5
LaTeX Font Info:    Overwriting math alphabet `\mathfrak' in version `bold'
(Font)                  U/euf/m/n --> U/euf/b/n on input line 106.
))
(/usr/local/texlive/2018/texmf-dist/tex/latex/adjustbox/adjustbox.sty
Package: adjustbox 2018/04/08 v1.1 Adjusting TeX boxes (trim, clip, ...)

(/usr/local/texlive/2018/texmf-dist/tex/latex/xkeyval/xkeyval.sty
Package: xkeyval 2014/12/03 v2.7a package option processing (HA)

(/usr/local/texlive/2018/texmf-dist/tex/generic/xkeyval/xkeyval.tex
(/usr/local/texlive/2018/texmf-dist/tex/generic/xkeyval/xkvutils.tex
\XKV@toks=\toks25
\XKV@tempa@toks=\toks26
)
\XKV@depth=\count101
File: xkeyval.tex 2014/12/03 v2.7a key=value parser (HA)
))
(/usr/local/texlive/2018/texmf-dist/tex/latex/adjustbox/adjcalc.sty
Package: adjcalc 2012/05/16 v1.1 Provides advanced setlength with multiple back
-ends (calc, etex, pgfmath)
)
(/usr/local/texlive/2018/texmf-dist/tex/latex/adjustbox/trimclip.sty
Package: trimclip 2018/04/08 v1.1 Trim and clip general TeX material

(/usr/local/texlive/2018/texmf-dist/tex/latex/collectbox/collectbox.sty
Package: collectbox 2012/05/17 v0.4b Collect macro arguments as boxes
\collectedbox=\box28
)
\tc@llx=\dimen114
\tc@lly=\dimen115
\tc@urx=\dimen116
\tc@ury=\dimen117
Package trimclip Info: Using driver 'tc-pdftex.def'.

(/usr/local/texlive/2018/texmf-dist/tex/latex/adjustbox/tc-pdftex.def
File: tc-pdftex.def 2018/04/08 v2.1 Clipping driver for pdftex
))
\adjbox@Width=\dimen118
\adjbox@Height=\dimen119
\adjbox@Depth=\dimen120
\adjbox@Totalheight=\dimen121
\adjbox@pwidth=\dimen122
\adjbox@pheight=\dimen123
\adjbox@pdepth=\dimen124
\adjbox@ptotalheight=\dimen125

(/usr/local/texlive/2018/texmf-dist/tex/latex/ifoddpage/ifoddpage.sty
Package: ifoddpage 2016/04/23 v1.1 Conditionals for odd/even page detection
\c@checkoddpage=\count102
)
(/usr/local/texlive/2018/texmf-dist/tex/latex/varwidth/varwidth.sty
Package: varwidth 2009/03/30 ver 0.92;  Variable-width minipages
\@vwid@box=\box29
\sift@deathcycles=\count103
\@vwid@loff=\dimen126
\@vwid@roff=\dimen127
))
(/usr/local/texlive/2018/texmf-dist/tex/latex/etoolbox/etoolbox.sty
Package: etoolbox 2018/02/11 v2.5e e-TeX tools for LaTeX (JAW)
\etb@tempcnta=\count104
)
(/usr/local/texlive/2018/texmf-dist/tex/latex/fancyhdr/fancyhdr.sty
Package: fancyhdr 2017/06/30 v3.9a Extensive control of page headers and footer
s
\f@nch@headwidth=\skip46
\f@nch@O@elh=\skip47
\f@nch@O@erh=\skip48
\f@nch@O@olh=\skip49
\f@nch@O@orh=\skip50
\f@nch@O@elf=\skip51
\f@nch@O@erf=\skip52
\f@nch@O@olf=\skip53
\f@nch@O@orf=\skip54
)
(/usr/local/texlive/2018/texmf-dist/tex/latex/geometry/geometry.sty
Package: geometry 2018/03/24 v5.7 Page Geometry

(/usr/local/texlive/2018/texmf-dist/tex/generic/oberdiek/ifpdf.sty
Package: ifpdf 2017/03/15 v3.2 Provides the ifpdf switch
)
(/usr/local/texlive/2018/texmf-dist/tex/generic/oberdiek/ifvtex.sty
Package: ifvtex 2016/05/16 v1.6 Detect VTeX and its facilities (HO)
Package ifvtex Info: VTeX not detected.
)
(/usr/local/texlive/2018/texmf-dist/tex/generic/ifxetex/ifxetex.sty
Package: ifxetex 2010/09/12 v0.6 Provides ifxetex conditional
)
\Gm@cnth=\count105
\Gm@cntv=\count106
\c@Gm@tempcnt=\count107
\Gm@bindingoffset=\dimen128
\Gm@wd@mp=\dimen129
\Gm@odd@mp=\dimen130
\Gm@even@mp=\dimen131
\Gm@layoutwidth=\dimen132
\Gm@layoutheight=\dimen133
\Gm@layouthoffset=\dimen134
\Gm@layoutvoffset=\dimen135
\Gm@dimlist=\toks27
)
(/usr/local/texlive/2018/texmf-dist/tex/latex/datetime/datetime.sty
Package: datetime 2015/03/20 v2.60 Date Time Package

(/usr/local/texlive/2018/texmf-dist/tex/latex/fmtcount/fmtcount.sty
Package: fmtcount 2017/12/24 v3.05

(/usr/local/texlive/2018/texmf-dist/tex/latex/base/ifthen.sty
Package: ifthen 2014/09/29 v1.1c Standard LaTeX ifthen package (DPC)
)
(/usr/local/texlive/2018/texmf-dist/tex/latex/fmtcount/fcprefix.sty
Package: fcprefix 2012/09/28

(/usr/local/texlive/2018/texmf-dist/tex/latex/fmtcount/fcnumparser.sty
Package: fcnumparser 2017/06/15
\fc@digit@counter=\count108
))
\c@padzeroesN=\count109
\fc@tmpcatcode=\count110
\@DT@modctr=\count111
\@ordinalctr=\count112
\@orgargctr=\count113
\@strctr=\count114
\@tmpstrctr=\count115
\@DT@loopN=\count116
\@DT@X=\count117
)
(/usr/local/texlive/2018/texmf-dist/tex/latex/datetime/datetime-defaults.sty
Package: datetime-defaults 2013/09/10
)
\@day=\count118
\@month=\count119
\@year=\count120
\c@HOUR=\count121
\c@HOURXII=\count122
\c@MINUTE=\count123
\c@TOHOUR=\count124
\c@TOMINUTE=\count125
\c@SECOND=\count126
\currenthour=\count127
\currentminute=\count128
\currentsecond=\count129
Package datetime Info: No datetime.cfg file found, using default settings on in
put line 308.
\@dtctr=\count130
\dayofyear=\count131
\dayofweek=\count132
LaTeX Info: Redefining \today on input line 736.
\dt@a=\toks28
\dt@b=\toks29
)
(/usr/local/texlive/2018/texmf-dist/tex/latex/algorithm2e/algorithm2e.sty
Package: algorithm2e 2017/07/18 v5.2 algorithms environments
\c@AlgoLine=\count133
\algocf@hangindent=\skip55

(/usr/local/texlive/2018/texmf-dist/tex/latex/tools/xspace.sty
Package: xspace 2014/10/28 v1.13 Space after command names (DPC,MH)
)
(/usr/local/texlive/2018/texmf-dist/tex/latex/relsize/relsize.sty
Package: relsize 2013/03/29 ver 4.1
)
\skiptotal=\skip56
\skiplinenumber=\skip57
\skiprule=\skip58
\skiphlne=\skip59
\skiptext=\skip60
\skiplength=\skip61
\algomargin=\skip62
\skipalgocfslide=\skip63
\algowidth=\dimen136
\inoutsize=\dimen137
\inoutindent=\dimen138
\interspacetitleruled=\dimen139
\interspacealgoruled=\dimen140
\interspacetitleboxruled=\dimen141
\algocf@ruledwidth=\skip64
\algocf@inoutbox=\box30
\algocf@inputbox=\box31
\AlCapSkip=\skip65
\AlCapHSkip=\skip66
\algoskipindent=\skip67
\algocf@nlbox=\box32
\algocf@hangingbox=\box33
\algocf@untilbox=\box34
\algocf@skipuntil=\skip68
\algocf@capbox=\box35
\algocf@lcaptionbox=\skip69
\algoheightruledefault=\skip70
\algoheightrule=\skip71
\algotitleheightruledefault=\skip72
\algotitleheightrule=\skip73
\c@algocfline=\count134
\c@algocfproc=\count135
\c@algocf=\count136
\algocf@algoframe=\box36
\algocf@algobox=\box37
)
(/usr/local/texlive/2018/texmf-dist/tex/latex/listings/listings.sty
\lst@mode=\count137
\lst@gtempboxa=\box38
\lst@token=\toks30
\lst@length=\count138
\lst@currlwidth=\dimen142
\lst@column=\count139
\lst@pos=\count140
\lst@lostspace=\dimen143
\lst@width=\dimen144
\lst@newlines=\count141
\lst@lineno=\count142
\lst@maxwidth=\dimen145

(/usr/local/texlive/2018/texmf-dist/tex/latex/listings/lstmisc.sty
File: lstmisc.sty 2015/06/04 1.6 (Carsten Heinz)
\c@lstnumber=\count143
\lst@skipnumbers=\count144
\lst@framebox=\box39
)
(/usr/local/texlive/2018/texmf-dist/tex/latex/listings/listings.cfg
File: listings.cfg 2015/06/04 1.6 listings configuration
))
Package: listings 2015/06/04 1.6 (Carsten Heinz)

(/usr/local/texlive/2018/texmf-dist/tex/generic/xstring/xstring.sty
(/usr/local/texlive/2018/texmf-dist/tex/generic/xstring/xstring.tex
\@xs@message=\write3
\integerpart=\count145
\decimalpart=\count146
)
Package: xstring 2013/10/13  v1.7c  String manipulations (C Tellechea)
)
(/usr/local/texlive/2018/texmf-dist/tex/latex/url/url.sty
\Urlmuskip=\muskip11
Package: url 2013/09/16  ver 3.4  Verb mode for urls, etc.
)
(/usr/local/texlive/2018/texmf-dist/tex/latex/hyperref/hyperref.sty
Package: hyperref 2018/02/06 v6.86b Hypertext links for LaTeX

(/usr/local/texlive/2018/texmf-dist/tex/generic/oberdiek/hobsub-hyperref.sty
Package: hobsub-hyperref 2016/05/16 v1.14 Bundle oberdiek, subset hyperref (HO)


(/usr/local/texlive/2018/texmf-dist/tex/generic/oberdiek/hobsub-generic.sty
Package: hobsub-generic 2016/05/16 v1.14 Bundle oberdiek, subset generic (HO)
Package: hobsub 2016/05/16 v1.14 Construct package bundles (HO)
Package: infwarerr 2016/05/16 v1.4 Providing info/warning/error messages (HO)
Package: ltxcmds 2016/05/16 v1.23 LaTeX kernel commands for general use (HO)
Package: ifluatex 2016/05/16 v1.4 Provides the ifluatex switch (HO)
Package ifluatex Info: LuaTeX not detected.
Package hobsub Info: Skipping package `ifvtex' (already loaded).
Package: intcalc 2016/05/16 v1.2 Expandable calculations with integers (HO)
Package hobsub Info: Skipping package `ifpdf' (already loaded).
Package: etexcmds 2016/05/16 v1.6 Avoid name clashes with e-TeX commands (HO)
Package etexcmds Info: Could not find \expanded.
(etexcmds)             That can mean that you are not using pdfTeX 1.50 or
(etexcmds)             that some package has redefined \expanded.
(etexcmds)             In the latter case, load this package earlier.
Package: kvsetkeys 2016/05/16 v1.17 Key value parser (HO)
Package: kvdefinekeys 2016/05/16 v1.4 Define keys (HO)
Package: pdftexcmds 2018/01/30 v0.27 Utility functions of pdfTeX for LuaTeX (HO
)
Package pdftexcmds Info: LuaTeX not detected.
Package pdftexcmds Info: \pdf@primitive is available.
Package pdftexcmds Info: \pdf@ifprimitive is available.
Package pdftexcmds Info: \pdfdraftmode found.
Package: pdfescape 2016/05/16 v1.14 Implements pdfTeX's escape features (HO)
Package: bigintcalc 2016/05/16 v1.4 Expandable calculations on big integers (HO
)
Package: bitset 2016/05/16 v1.2 Handle bit-vector datatype (HO)
Package: uniquecounter 2016/05/16 v1.3 Provide unlimited unique counter (HO)
)
Package hobsub Info: Skipping package `hobsub' (already loaded).
Package: letltxmacro 2016/05/16 v1.5 Let assignment for LaTeX macros (HO)
Package: hopatch 2016/05/16 v1.3 Wrapper for package hooks (HO)
Package: xcolor-patch 2016/05/16 xcolor patch
Package: atveryend 2016/05/16 v1.9 Hooks at the very end of document (HO)
Package: atbegshi 2016/06/09 v1.18 At begin shipout hook (HO)
Package: refcount 2016/05/16 v3.5 Data extraction from label references (HO)
Package: hycolor 2016/05/16 v1.8 Color options for hyperref/bookmark (HO)
)
(/usr/local/texlive/2018/texmf-dist/tex/latex/oberdiek/auxhook.sty
Package: auxhook 2016/05/16 v1.4 Hooks for auxiliary files (HO)
)
(/usr/local/texlive/2018/texmf-dist/tex/latex/oberdiek/kvoptions.sty
Package: kvoptions 2016/05/16 v3.12 Key value format for package options (HO)
)
\@linkdim=\dimen146
\Hy@linkcounter=\count147
\Hy@pagecounter=\count148

(/usr/local/texlive/2018/texmf-dist/tex/latex/hyperref/pd1enc.def
File: pd1enc.def 2018/02/06 v6.86b Hyperref: PDFDocEncoding definition (HO)
Now handling font encoding PD1 ...
... no UTF-8 mapping file for font encoding PD1
)
\Hy@SavedSpaceFactor=\count149

(/usr/local/texlive/2018/texmf-dist/tex/latex/latexconfig/hyperref.cfg
File: hyperref.cfg 2002/06/06 v1.2 hyperref configuration of TeXLive
)
Package hyperref Info: Hyper figures OFF on input line 4509.
Package hyperref Info: Link nesting OFF on input line 4514.
Package hyperref Info: Hyper index ON on input line 4517.
Package hyperref Info: Plain pages OFF on input line 4524.
Package hyperref Info: Backreferencing OFF on input line 4529.
Package hyperref Info: Implicit mode ON; LaTeX internals redefined.
Package hyperref Info: Bookmarks ON on input line 4762.
\c@Hy@tempcnt=\count150
LaTeX Info: Redefining \url on input line 5115.
\XeTeXLinkMargin=\dimen147
\Fld@menulength=\count151
\Field@Width=\dimen148
\Fld@charsize=\dimen149
Package hyperref Info: Hyper figures OFF on input line 6369.
Package hyperref Info: Link nesting OFF on input line 6374.
Package hyperref Info: Hyper index ON on input line 6377.
Package hyperref Info: backreferencing OFF on input line 6384.
Package hyperref Info: Link coloring OFF on input line 6389.
Package hyperref Info: Link coloring with OCG OFF on input line 6394.
Package hyperref Info: PDF/A mode OFF on input line 6399.
LaTeX Info: Redefining \ref on input line 6439.
LaTeX Info: Redefining \pageref on input line 6443.
\Hy@abspage=\count152
\c@Item=\count153
\c@Hfootnote=\count154
)
Package hyperref Info: Driver (autodetected): hpdftex.

(/usr/local/texlive/2018/texmf-dist/tex/latex/hyperref/hpdftex.def
File: hpdftex.def 2018/02/06 v6.86b Hyperref driver for pdfTeX
\Fld@listcount=\count155
\c@bookmark@seq@number=\count156

(/usr/local/texlive/2018/texmf-dist/tex/latex/oberdiek/rerunfilecheck.sty
Package: rerunfilecheck 2016/05/16 v1.8 Rerun checks for auxiliary files (HO)
Package uniquecounter Info: New unique counter `rerunfilecheck' on input line 2
82.
)
\Hy@SectionHShift=\skip74
)
(/usr/local/texlive/2018/texmf-dist/tex/latex/lipsum/lipsum.sty
Package: lipsum 2014/07/27 v1.3 150 paragraphs of Lorem Ipsum dummy text
\c@lips@count=\count157
)
(./dtklogos.sty
Package: dtklogos 2014/11/15 v2.2 LaTeX wrapper for `hologo' (RN,HV)

(/usr/local/texlive/2018/texmf-dist/tex/generic/oberdiek/hologo.sty
Package: hologo 2017/05/01 v1.13 A logo collection with bookmark support (HO)
))
Package hyperref Info: Option `colorlinks' set `true' on input line 79.


Package hyperref Warning: Option `bookmarks' has already been used,
(hyperref)                setting the option has no effect on input line 79.

) (/usr/local/texlive/2018/texmf-dist/tex/latex/float/float.sty
Package: float 2001/11/08 v1.3d Float enhancements (AL)
\c@float@type=\count158
\float@exts=\toks31
\float@box=\box40
\@float@everytoks=\toks32
\@floatcapt=\box41
)
(/usr/local/texlive/2018/texmf-dist/tex/latex/subfig/subfig.sty
Package: subfig 2005/06/28 ver: 1.3 subfig package

(/usr/local/texlive/2018/texmf-dist/tex/latex/caption/caption.sty
Package: caption 2016/02/21 v3.3-144 Customizing captions (AR)

(/usr/local/texlive/2018/texmf-dist/tex/latex/caption/caption3.sty
Package: caption3 2016/05/22 v1.7-166 caption3 kernel (AR)
Package caption3 Info: TeX engine: e-TeX on input line 67.
\captionmargin=\dimen150
\captionmargin@=\dimen151
\captionwidth=\dimen152
\caption@tempdima=\dimen153
\caption@indent=\dimen154
\caption@parindent=\dimen155
\caption@hangindent=\dimen156
)
\c@ContinuedFloat=\count159
Package caption Info: float package is loaded.
Package caption Info: hyperref package is loaded.
Package caption Info: listings package is loaded.
)
\c@KVtest=\count160
\sf@farskip=\skip75
\sf@captopadj=\dimen157
\sf@capskip=\skip76
\sf@nearskip=\skip77
\c@subfigure=\count161
\c@subfigure@save=\count162
\c@lofdepth=\count163
\c@subtable=\count164
\c@subtable@save=\count165
\c@lotdepth=\count166
\sf@top=\skip78
\sf@bottom=\skip79
)
(/usr/local/texlive/2018/texmf-dist/tex/latex/wrapfig/wrapfig.sty
\wrapoverhang=\dimen158
\WF@size=\dimen159
\c@WF@wrappedlines=\count167
\WF@box=\box42
\WF@everypar=\toks33
Package: wrapfig 2003/01/31  v 3.6
)
No file dissertation.aux.
\openout1 = `dissertation.aux'.

LaTeX Font Info:    Checking defaults for OML/cmm/m/it on input line 57.
LaTeX Font Info:    ... okay on input line 57.
LaTeX Font Info:    Checking defaults for T1/cmr/m/n on input line 57.
LaTeX Font Info:    ... okay on input line 57.
LaTeX Font Info:    Checking defaults for OT1/cmr/m/n on input line 57.
LaTeX Font Info:    ... okay on input line 57.
LaTeX Font Info:    Checking defaults for OMS/cmsy/m/n on input line 57.
LaTeX Font Info:    ... okay on input line 57.
LaTeX Font Info:    Checking defaults for OMX/cmex/m/n on input line 57.
LaTeX Font Info:    ... okay on input line 57.
LaTeX Font Info:    Checking defaults for U/cmr/m/n on input line 57.
LaTeX Font Info:    ... okay on input line 57.
LaTeX Font Info:    Checking defaults for PD1/pdf/m/n on input line 57.
LaTeX Font Info:    ... okay on input line 57.
(/usr/local/texlive/2018/texmf-dist/tex/context/base/mkii/supp-pdf.mkii
[Loading MPS to PDF converter (version 2006.09.02).]
\scratchcounter=\count168
\scratchdimen=\dimen160
\scratchbox=\box43
\nofMPsegments=\count169
\nofMParguments=\count170
\everyMPshowfont=\toks34
\MPscratchCnt=\count171
\MPscratchDim=\dimen161
\MPnumerator=\count172
\makeMPintoPDFobject=\count173
\everyMPtoPDFconversion=\toks35
) (/usr/local/texlive/2018/texmf-dist/tex/latex/oberdiek/epstopdf-base.sty
Package: epstopdf-base 2016/05/15 v2.6 Base part for package epstopdf

(/usr/local/texlive/2018/texmf-dist/tex/latex/oberdiek/grfext.sty
Package: grfext 2016/05/16 v1.2 Manage graphics extensions (HO)
)
Package epstopdf-base Info: Redefining graphics rule for `.eps' on input line 4
38.
Package grfext Info: Graphics extension search list:
(grfext)             [.pdf,.png,.jpg,.mps,.jpeg,.jbig2,.jb2,.PDF,.PNG,.JPG,.JPE
G,.JBIG2,.JB2,.eps]
(grfext)             \AppendGraphicsExtensions on input line 456.

(/usr/local/texlive/2018/texmf-dist/tex/latex/latexconfig/epstopdf-sys.cfg
File: epstopdf-sys.cfg 2010/07/13 v1.3 Configuration of (r)epstopdf for TeX Liv
e
))
*geometry* driver: auto-detecting
*geometry* detected driver: pdftex
*geometry* verbose mode - [ preamble ] result:
* driver: pdftex
* paper: a4paper
* layout: <same size as paper>
* layoutoffset:(h,v)=(0.0pt,0.0pt)
* modes: twoside 
* h-part:(L,W,R)=(71.13188pt, 455.24411pt, 71.13188pt)
* v-part:(T,H,B)=(71.13188pt, 702.78308pt, 71.13188pt)
* \paperwidth=597.50787pt
* \paperheight=845.04684pt
* \textwidth=455.24411pt
* \textheight=702.78308pt
* \oddsidemargin=-1.1381pt
* \evensidemargin=-1.1381pt
* \topmargin=-31.2056pt
* \headheight=12.0pt
* \headsep=18.06749pt
* \topskip=10.0pt
* \footskip=25.29494pt
* \marginparwidth=115.0pt
* \marginparsep=7.0pt
* \columnsep=10.0pt
* \skip\footins=9.0pt plus 4.0pt minus 2.0pt
* \hoffset=0.0pt
* \voffset=0.0pt
* \mag=1000
* \@twocolumnfalse
* \@twosidetrue
* \@mparswitchtrue
* \@reversemarginfalse
* (1in=72.27pt=25.4mm, 1cm=28.453pt)

(/usr/local/texlive/2018/texmf-dist/tex/latex/fmtcount/fc-english.def
File: fc-english.def 2016/01/12
)
\c@lstlisting=\count174
\AtBeginShipoutBox=\box44

(/usr/local/texlive/2018/texmf-dist/tex/latex/graphics/color.sty
Package: color 2016/07/10 v1.1e Standard LaTeX Color (DPC)

(/usr/local/texlive/2018/texmf-dist/tex/latex/graphics-cfg/color.cfg
File: color.cfg 2016/01/02 v1.6 sample color configuration
)
Package color Info: Driver file: pdftex.def on input line 147.
)
Package hyperref Info: Link coloring ON on input line 57.

(/usr/local/texlive/2018/texmf-dist/tex/latex/hyperref/nameref.sty
Package: nameref 2016/05/21 v2.44 Cross-referencing by name of section

(/usr/local/texlive/2018/texmf-dist/tex/generic/oberdiek/gettitlestring.sty
Package: gettitlestring 2016/05/16 v1.5 Cleanup title references (HO)
)
\c@section@level=\count175
)
LaTeX Info: Redefining \ref on input line 57.
LaTeX Info: Redefining \pageref on input line 57.
LaTeX Info: Redefining \nameref on input line 57.
\@outlinefile=\write4
\openout4 = `dissertation.out'.

Package caption Info: Begin \AtBeginDocument code.
Package caption Info: subfig package v1.3 is loaded.
Package caption Info: wrapfig package is loaded.
Package caption Info: End \AtBeginDocument code.

Overfull \hbox (15.0pt too wide) in paragraph at lines 74--74
[][]
 []


Underfull \hbox (badness 10000) in paragraph at lines 74--74

 []

<logo/logo_uob_color.pdf, id=4, 546.04pt x 158.5925pt>
File: logo/logo_uob_color.pdf Graphic file (type pdf)
<use logo/logo_uob_color.pdf>
Package pdftex.def Info: logo/logo_uob_color.pdf  used on input line 74.
(pdftex.def)             Requested size: 163.81326pt x 47.57811pt.
LaTeX Font Info:    Try loading font information for U+msa on input line 74.
(/usr/local/texlive/2018/texmf-dist/tex/latex/amsfonts/umsa.fd
File: umsa.fd 2013/01/14 v3.01 AMS symbols A
)
LaTeX Font Info:    Try loading font information for U+msb on input line 74.

(/usr/local/texlive/2018/texmf-dist/tex/latex/amsfonts/umsb.fd
File: umsb.fd 2013/01/14 v3.01 AMS symbols B
) [1

{/usr/local/texlive/2018/texmf-var/fonts/map/pdftex/updmap/pdftex.map} <./logo/
logo_uob_color.pdf>] [2

] [1

] [2

]
\tf@toc=\write5
\openout5 = `dissertation.toc'.

 [3] [4

]
\tf@lof=\write6
\openout6 = `dissertation.lof'.

 [5] [6

]
\tf@lot=\write7
\openout7 = `dissertation.lot'.

 [7] [8

]

LaTeX Warning: Citation `DQN' on page ix undefined on input line 106.


LaTeX Warning: Citation `BSE' on page ix undefined on input line 114.


LaTeX Warning: Citation `BSG' on page ix undefined on input line 114.


Underfull \hbox (badness 10000) in paragraph at lines 105--118

 []


Underfull \hbox (badness 10000) in paragraph at lines 105--118

 []


Underfull \hbox (badness 10000) in paragraph at lines 105--118

 []

LaTeX Font Info:    Try loading font information for OMS+cmr on input line 130.

(/usr/local/texlive/2018/texmf-dist/tex/latex/base/omscmr.fd
File: omscmr.fd 2014/09/29 v2.5h Standard LaTeX font definitions
)
LaTeX Font Info:    Font shape `OMS/cmr/m/n' in size <10> not available
(Font)              Font shape `OMS/cmsy/m/n' tried instead on input line 130.


LaTeX Warning: Citation `BC4' on page ix undefined on input line 132.

[9] [10

] [11] [12

] [13] [14

] [15] [16

]
Chapter 1.

LaTeX Warning: Citation `limit-order' on page 1 undefined on input line 239.


LaTeX Warning: Citation `algorithmic-trading-wiki' on page 1 undefined on input
 line 246.


Underfull \hbox (badness 10000) in paragraph at lines 239--250

 []


Underfull \hbox (badness 10000) in paragraph at lines 239--250

 []


Underfull \hbox (badness 10000) in paragraph at lines 239--250

 []


LaTeX Warning: Citation `MarketEquilibrium' on page 1 undefined on input line 2
57.


LaTeX Warning: Citation `Gode and Sunder' on page 1 undefined on input line 263
.


LaTeX Warning: Citation `Cliff-critique' on page 1 undefined on input line 269.



LaTeX Warning: Citation `GD' on page 1 undefined on input line 272.


LaTeX Warning: Citation `IBM experiments' on page 1 undefined on input line 275
.


LaTeX Warning: Citation `AA' on page 1 undefined on input line 278.


Underfull \hbox (badness 10000) in paragraph at lines 254--279

 []


Underfull \hbox (badness 10000) in paragraph at lines 254--279

 []


Underfull \hbox (badness 10000) in paragraph at lines 254--279

 []


Underfull \hbox (badness 10000) in paragraph at lines 254--279

 []


Underfull \hbox (badness 10000) in paragraph at lines 254--279

 []


Underfull \hbox (badness 10000) in paragraph at lines 254--279

 []


Underfull \hbox (badness 10000) in paragraph at lines 254--279

 []


Underfull \hbox (badness 10000) in paragraph at lines 254--279

 []

pdfTeX warning (ext4): destination with the same identifier (name{page.1}) has 
been already used, duplicate ignored
<to be read again> 
                   \relax 
l.279 
       [1

]

LaTeX Warning: Citation `Deep Learning Revolution' on page 2 undefined on input
 line 282.


LaTeX Warning: Citation `RL-history' on page 2 undefined on input line 285.


Underfull \hbox (badness 10000) in paragraph at lines 282--286

 []


LaTeX Warning: Citation `deep learning robots https://arxiv.org/abs/1504.00702'
 on page 2 undefined on input line 287.

pdfTeX warning (ext4): destination with the same identifier (name{page.2}) has 
been already used, duplicate ignored
<to be read again> 
                   \relax 
l.288 
       [2]

LaTeX Warning: Citation `mx banks profit breakdown https://www.mx.com/moneysumm
it/top-us-retail-banks-income-revenue' on page 3 undefined on input line 304.


LaTeX Warning: Reference `section:history' on page 3 undefined on input line 30
7.


LaTeX Warning: Citation `quora-trading-hard' on page 3 undefined on input line 
311.


LaTeX Warning: Citation `https://www.statista.com/chart/20245/share-of-computer
ized-and-human-trading-in-us-equities/' on page 3 undefined on input line 311.


LaTeX Warning: Citation `https://www.statista.com/chart/20245/share-of-computer
ized-and-human-trading-in-us-equities/' on page 3 undefined on input line 314.


Underfull \hbox (badness 10000) in paragraph at lines 298--318

 []


Underfull \hbox (badness 10000) in paragraph at lines 298--318

 []


Underfull \hbox (badness 10000) in paragraph at lines 298--318

 []


Underfull \hbox (badness 10000) in paragraph at lines 298--318

 []


Underfull \hbox (badness 10000) in paragraph at lines 298--318

 []


Underfull \hbox (badness 10000) in paragraph at lines 298--318

 []

[3]

LaTeX Warning: Reference `section:DevelopmentsAI' on page 4 undefined on input 
line 322.


LaTeX Warning: Citation `deepmind alpha go zero' on page 4 undefined on input l
ine 325.


Underfull \hbox (badness 10000) in paragraph at lines 322--333

 []


Underfull \hbox (badness 10000) in paragraph at lines 322--333

 []


Underfull \hbox (badness 10000) in paragraph at lines 322--333

 []


LaTeX Warning: Citation `falcao' on page 4 undefined on input line 337.


Underfull \hbox (badness 10000) in paragraph at lines 337--344

 []


Underfull \hbox (badness 10000) in paragraph at lines 337--344

 []


Underfull \hbox (badness 10000) in paragraph at lines 349--359

 []


Underfull \hbox (badness 10000) in paragraph at lines 349--359

 []


Underfull \hbox (badness 10000) in paragraph at lines 349--359

 []

[4] [5] [6

]
Chapter 2.
<LOB-Precross.png, id=141, 324.21124pt x 131.49126pt>
File: LOB-Precross.png Graphic file (type png)
<use LOB-Precross.png>
Package pdftex.def Info: LOB-Precross.png  used on input line 411.
(pdftex.def)             Requested size: 364.19667pt x 147.71861pt.

LaTeX Warning: Reference `fig:lob' on page 7 undefined on input line 417.


Underfull \hbox (badness 10000) in paragraph at lines 416--422

 []

[7 <./LOB-Precross.png>]

LaTeX Warning: Reference `fig:lob' on page 8 undefined on input line 432.


LaTeX Warning: Reference `fig:lob' on page 8 undefined on input line 455.


Underfull \hbox (badness 10000) in paragraph at lines 447--456

 []


Underfull \hbox (badness 10000) in paragraph at lines 447--456

 []

<LOB-Postcross.png, id=154, 323.2075pt x 133.49875pt>
File: LOB-Postcross.png Graphic file (type png)
<use LOB-Postcross.png>
Package pdftex.def Info: LOB-Postcross.png  used on input line 459.
(pdftex.def)             Requested size: 364.19667pt x 150.43625pt.

LaTeX Warning: Reference `fig:lob-post' on page 8 undefined on input line 465.


LaTeX Warning: Reference `fig:lob' on page 8 undefined on input line 465.


Underfull \hbox (badness 10000) in paragraph at lines 469--473

 []

[8 <./LOB-Postcross.png>]
Underfull \hbox (badness 10000) in paragraph at lines 478--481

 []


Underfull \hbox (badness 10000) in paragraph at lines 478--481

 []


Underfull \hbox (badness 10000) in paragraph at lines 482--491

 []


Underfull \hbox (badness 10000) in paragraph at lines 482--491

 []


Underfull \hbox (badness 10000) in paragraph at lines 504--508

 []


Underfull \hbox (badness 10000) in paragraph at lines 504--508

 []

[9]

LaTeX Warning: Reference `discount-rewards' on page 10 undefined on input line 
521.


Underfull \hbox (badness 10000) in paragraph at lines 520--525

 []


LaTeX Warning: Citation `rearrange-value-function https://www.jeremyjordan.me/m
arkov-decision-process/' on page 10 undefined on input line 534.


Underfull \hbox (badness 10000) in paragraph at lines 543--548

 []


LaTeX Warning: Citation `rearrange-value-function https://www.jeremyjordan.me/m
arkov-decision-process' on page 10 undefined on input line 562.


LaTeX Warning: Reference `action-value' on page 10 undefined on input line 562.



Underfull \hbox (badness 10000) in paragraph at lines 558--563

 []


LaTeX Warning: Reference `expected-discounted-rewards-rephrased' on page 10 und
efined on input line 572.


LaTeX Warning: Reference `action-value' on page 10 undefined on input line 582.


[10]

LaTeX Warning: Citation `MDP-theorem RL Course by David Silver - Lecture 2: Mar
kov Decision Process' on page 11 undefined on input line 603.


LaTeX Warning: Reference `value-function-bellman' on page 11 undefined on input
 line 626.


LaTeX Warning: Reference `Optimality' on page 11 undefined on input line 633.


LaTeX Warning: Reference `action-value-bellman' on page 11 undefined on input l
ine 633.


LaTeX Warning: Reference `value-function-bellman' on page 11 undefined on input
 line 637.


LaTeX Warning: Reference `action-value-bellman' on page 11 undefined on input l
ine 637.


LaTeX Warning: Reference `action-value' on page 11 undefined on input line 637.



Underfull \hbox (badness 10000) in paragraph at lines 617--638

 []


Underfull \hbox (badness 10000) in paragraph at lines 617--638

 []


Underfull \hbox (badness 10000) in paragraph at lines 617--638

 []


Underfull \hbox (badness 10000) in paragraph at lines 617--638

 []


Underfull \hbox (badness 10000) in paragraph at lines 617--638

 []


Underfull \hbox (badness 10000) in paragraph at lines 617--638

 []

[11]
Underfull \hbox (badness 10000) in paragraph at lines 673--677

 []


LaTeX Warning: Reference `value-function-bellman' on page 12 undefined on input
 line 684.


Underfull \hbox (badness 10000) in paragraph at lines 691--696

 []


Underfull \hbox (badness 10000) in paragraph at lines 691--696

 []

[12]

LaTeX Warning: Citation `https://www.cellstrat.com/2020/04/27/temporal-differen
ce-methods/' on page 13 undefined on input line 698.


Underfull \hbox (badness 10000) in paragraph at lines 697--705

 []


Underfull \hbox (badness 10000) in paragraph at lines 697--705

 []


Underfull \hbox (badness 10000) in paragraph at lines 710--720

 []


Underfull \hbox (badness 10000) in paragraph at lines 710--720

 []


Underfull \hbox (badness 10000) in paragraph at lines 727--732

 []


Underfull \hbox (badness 10000) in paragraph at lines 744--749

 []

[13]
<value-approximators.png, id=216, 445.665pt x 252.945pt>
File: value-approximators.png Graphic file (type png)
<use value-approximators.png>
Package pdftex.def Info: value-approximators.png  used on input line 769.
(pdftex.def)             Requested size: 218.51521pt x 124.02132pt.


LaTeX Warning: Citation `https://www.davidsilver.uk/wp-content/uploads/2020/03/
FA.pdf' on page 14 undefined on input line 771.


LaTeX Warning: Citation `https://www.davidsilver.uk/wp-content/uploads/2020/03/
FA.pdf' on page 14 undefined on input line 771.


Underfull \hbox (badness 2744) in paragraph at lines 776--783
[]\OT1/cmr/m/n/10 The fig-ure on the left hand side shows
 []


Underfull \hbox (badness 1005) in paragraph at lines 776--783
\OT1/cmr/m/n/10 the ar-chi-tec-tures of the vary-ing types of ap-
 []


Underfull \hbox (badness 1803) in paragraph at lines 776--783
\OT1/cmr/m/n/10 prox-i-ma-tors. The left-most ar-chi-tec-ture rep-
 []


Underfull \hbox (badness 3514) in paragraph at lines 776--783
\OT1/cmr/m/n/10 a 'black-box' func-tion spits out the 'value'
 []


Underfull \hbox (badness 4582) in paragraph at lines 776--783
\OT1/cmr/m/n/10 of be-ing in state \OT1/cmr/m/it/10 s\OT1/cmr/m/n/10 . The mid-
dle ar-chi-
 []


Underfull \hbox (badness 6876) in paragraph at lines 776--783
\OT1/cmr/m/n/10 tec-ture show-cases the \OT1/cmr/m/it/10 action-value \OT1/cmr/
m/n/10 ap-prox-i-
 []


Underfull \hbox (badness 2573) in paragraph at lines 776--783
\OT1/cmr/m/n/10 ma-tor, where again, a 'black box' func-tion
 []


Underfull \hbox (badness 6001) in paragraph at lines 776--783
\OT1/cmr/m/n/10 takes in the state the agent is in, and
 []


Underfull \hbox (badness 5403) in paragraph at lines 776--783
\OT1/cmr/m/n/10 the ac-tion it is con-sid-er-ing, and it spits
 []


Underfull \hbox (badness 2111) in paragraph at lines 776--783
\OT1/cmr/m/n/10 out how good that ac-tion is. Lastly, the
 []


Underfull \hbox (badness 2096) in paragraph at lines 776--783
\OT1/cmr/m/n/10 right-most ar-chi-tec-ture rep-re-sents an ar-chi-tec-
 []


Underfull \hbox (badness 4242) in paragraph at lines 776--783
\OT1/cmr/m/n/10 for all pos-si-ble ac-tions in the given state
 []


Underfull \hbox (badness 10000) in paragraph at lines 776--783

 []


Underfull \hbox (badness 10000) in paragraph at lines 776--783

 []


LaTeX Warning: Citation `https://www.davidsilver.uk/wp-content/uploads/2020/03/
FA.pdf' on page 14 undefined on input line 789.


LaTeX Warning: Reference `value-approx' on page 14 undefined on input line 806.



LaTeX Warning: Reference `action-value-approx' on page 14 undefined on input li
ne 806.


Underfull \hbox (badness 10000) in paragraph at lines 806--810

 []

[14 <./value-approximators.png>]
Underfull \hbox (badness 10000) in paragraph at lines 824--833

 []


Underfull \hbox (badness 10000) in paragraph at lines 824--833

 []


Underfull \hbox (badness 10000) in paragraph at lines 847--853

 []


LaTeX Warning: Citation `score-function' on page 15 undefined on input line 859
.


Underfull \hbox (badness 10000) in paragraph at lines 858--863

 []


Underfull \hbox (badness 10000) in paragraph at lines 877--881

 []


Underfull \hbox (badness 10000) in paragraph at lines 877--881

 []


LaTeX Warning: Reference `subsection:value-function-approx'